2018-12-31 03:04:04 上午 [Thread: HikariPool-1 housekeeper][ Class:com.zaxxer.hikari.pool.HikariPool >> Method: com.zaxxer.hikari.pool.HikariPool$HouseKeeper.run(HikariPool.java:766) ]
WARN:HikariPool-1 - Thread starvation or clock leap detected (housekeeper delta=3h26s504ms451µs490ns).
2018-12-31 03:04:05 上午 [Thread: HikariPool-2 housekeeper][ Class:com.zaxxer.hikari.pool.HikariPool >> Method: com.zaxxer.hikari.pool.HikariPool$HouseKeeper.run(HikariPool.java:766) ]
WARN:HikariPool-2 - Thread starvation or clock leap detected (housekeeper delta=3h26s504ms546µs640ns).
2018-12-31 10:43:05 上午 [Thread: HikariPool-1 housekeeper][ Class:com.zaxxer.hikari.pool.HikariPool >> Method: com.zaxxer.hikari.pool.HikariPool$HouseKeeper.run(HikariPool.java:766) ]
WARN:HikariPool-1 - Thread starvation or clock leap detected (housekeeper delta=7h39m4s798ms506µs592ns).
2018-12-31 10:43:06 上午 [Thread: HikariPool-2 housekeeper][ Class:com.zaxxer.hikari.pool.HikariPool >> Method: com.zaxxer.hikari.pool.HikariPool$HouseKeeper.run(HikariPool.java:766) ]
WARN:HikariPool-2 - Thread starvation or clock leap detected (housekeeper delta=7h39m4s795ms77µs780ns).
2018-12-31 10:54:18 上午 [Thread: main][ Class:org.springframework.boot.web.servlet.context.AnnotationConfigServletWebServerApplicationContext >> Method: org.springframework.context.support.AbstractApplicationContext.refresh(AbstractApplicationContext.java:554) ]
WARN:Exception encountered during context initialization - cancelling refresh attempt: org.springframework.beans.factory.UnsatisfiedDependencyException: Error creating bean with name 'userController': Unsatisfied dependency expressed through field 'userService01'; nested exception is org.springframework.beans.factory.UnsatisfiedDependencyException: Error creating bean with name 'userService01': Unsatisfied dependency expressed through field 'userMapper'; nested exception is org.springframework.beans.factory.UnsatisfiedDependencyException: Error creating bean with name 'userMapper01' defined in file [C:\Users\13044\IdeaProjects\ManyDastasource\target\classes\com\yulang\test01\mapper\UserMapper01.class]: Unsatisfied dependency expressed through bean property 'sqlSessionFactory'; nested exception is org.springframework.beans.factory.UnsatisfiedDependencyException: Error creating bean with name 'sqlSessionFactory' defined in class path resource [org/mybatis/spring/boot/autoconfigure/MybatisAutoConfiguration.class]: Unsatisfied dependency expressed through method 'sqlSessionFactory' parameter 0; nested exception is org.springframework.beans.factory.BeanCreationException: Error creating bean with name 'dataSource' defined in class path resource [org/springframework/boot/autoconfigure/jdbc/XADataSourceAutoConfiguration.class]: Bean instantiation via factory method failed; nested exception is org.springframework.beans.BeanInstantiationException: Failed to instantiate [javax.sql.DataSource]: Factory method 'dataSource' threw exception; nested exception is org.springframework.boot.autoconfigure.jdbc.DataSourceProperties$DataSourceBeanCreationException: Failed to determine suitable jdbc url
2018-12-31 10:54:18 上午 [Thread: main][ Class:org.springframework.boot.diagnostics.LoggingFailureAnalysisReporter >> Method: org.springframework.boot.diagnostics.LoggingFailureAnalysisReporter.report(LoggingFailureAnalysisReporter.java:42) ]
ERROR:

***************************
APPLICATION FAILED TO START
***************************

Description:

Failed to configure a DataSource: 'url' attribute is not specified and no embedded datasource could be configured.

Reason: Failed to determine suitable jdbc url


Action:

Consider the following:
	If you want an embedded database (H2, HSQL or Derby), please put it on the classpath.
	If you have database settings to be loaded from a particular profile you may need to activate it (no profiles are currently active).

2018-12-31 11:00:28 上午 [Thread: main][ Class:org.springframework.boot.web.servlet.context.AnnotationConfigServletWebServerApplicationContext >> Method: org.springframework.context.support.AbstractApplicationContext.refresh(AbstractApplicationContext.java:554) ]
WARN:Exception encountered during context initialization - cancelling refresh attempt: org.springframework.beans.factory.support.BeanDefinitionOverrideException: Invalid bean definition with name 'testDataSource' defined in class path resource [com/yulang/datasource/MyBatisConfig2.class]: Cannot register bean definition [Root bean: class [null]; scope=; abstract=false; lazyInit=false; autowireMode=3; dependencyCheck=0; autowireCandidate=true; primary=true; factoryBeanName=myBatisConfig2; factoryMethodName=testDataSource; initMethodName=null; destroyMethodName=(inferred); defined in class path resource [com/yulang/datasource/MyBatisConfig2.class]] for bean 'testDataSource': There is already [Root bean: class [null]; scope=; abstract=false; lazyInit=false; autowireMode=3; dependencyCheck=0; autowireCandidate=true; primary=true; factoryBeanName=myBatisConfig1; factoryMethodName=testDataSource; initMethodName=null; destroyMethodName=(inferred); defined in class path resource [com/yulang/datasource/MyBatisConfig1.class]] bound.
2018-12-31 11:00:28 上午 [Thread: main][ Class:org.springframework.boot.diagnostics.LoggingFailureAnalysisReporter >> Method: org.springframework.boot.diagnostics.LoggingFailureAnalysisReporter.report(LoggingFailureAnalysisReporter.java:42) ]
ERROR:

***************************
APPLICATION FAILED TO START
***************************

Description:

The bean 'testDataSource', defined in class path resource [com/yulang/datasource/MyBatisConfig2.class], could not be registered. A bean with that name has already been defined in class path resource [com/yulang/datasource/MyBatisConfig1.class] and overriding is disabled.

Action:

Consider renaming one of the beans or enabling overriding by setting spring.main.allow-bean-definition-overriding=true

2018-12-31 11:01:19 上午 [Thread: main][ Class:org.springframework.boot.web.servlet.context.AnnotationConfigServletWebServerApplicationContext >> Method: org.springframework.context.support.AbstractApplicationContext.refresh(AbstractApplicationContext.java:554) ]
WARN:Exception encountered during context initialization - cancelling refresh attempt: org.springframework.beans.factory.support.BeanDefinitionOverrideException: Invalid bean definition with name 'testDataSource' defined in class path resource [com/yulang/datasource/MyBatisConfig2.class]: Cannot register bean definition [Root bean: class [null]; scope=; abstract=false; lazyInit=false; autowireMode=3; dependencyCheck=0; autowireCandidate=true; primary=true; factoryBeanName=myBatisConfig2; factoryMethodName=testDataSource; initMethodName=null; destroyMethodName=(inferred); defined in class path resource [com/yulang/datasource/MyBatisConfig2.class]] for bean 'testDataSource': There is already [Root bean: class [null]; scope=; abstract=false; lazyInit=false; autowireMode=3; dependencyCheck=0; autowireCandidate=true; primary=false; factoryBeanName=myBatisConfig1; factoryMethodName=testDataSource; initMethodName=null; destroyMethodName=(inferred); defined in class path resource [com/yulang/datasource/MyBatisConfig1.class]] bound.
2018-12-31 11:01:19 上午 [Thread: main][ Class:org.springframework.boot.diagnostics.LoggingFailureAnalysisReporter >> Method: org.springframework.boot.diagnostics.LoggingFailureAnalysisReporter.report(LoggingFailureAnalysisReporter.java:42) ]
ERROR:

***************************
APPLICATION FAILED TO START
***************************

Description:

The bean 'testDataSource', defined in class path resource [com/yulang/datasource/MyBatisConfig2.class], could not be registered. A bean with that name has already been defined in class path resource [com/yulang/datasource/MyBatisConfig1.class] and overriding is disabled.

Action:

Consider renaming one of the beans or enabling overriding by setting spring.main.allow-bean-definition-overriding=true

2018-12-31 11:03:44 上午 [Thread: main][ Class:org.mybatis.spring.mapper.ClassPathMapperScanner >> Method: org.mybatis.spring.mapper.ClassPathMapperScanner.checkCandidate(ClassPathMapperScanner.java:240) ]
WARN:Skipping MapperFactoryBean with name 'userMapper01' and 'com.yulang.test01.mapper.UserMapper01' mapperInterface. Bean already defined with the same name!
2018-12-31 11:03:44 上午 [Thread: main][ Class:org.mybatis.spring.mapper.ClassPathMapperScanner >> Method: org.mybatis.spring.mapper.ClassPathMapperScanner.checkCandidate(ClassPathMapperScanner.java:240) ]
WARN:Skipping MapperFactoryBean with name 'userMapper02' and 'com.yulang.test02.mapper.UserMapper02' mapperInterface. Bean already defined with the same name!
2018-12-31 11:03:44 上午 [Thread: main][ Class:org.mybatis.spring.mapper.ClassPathMapperScanner >> Method: org.mybatis.spring.mapper.ClassPathMapperScanner.doScan(ClassPathMapperScanner.java:167) ]
WARN:No MyBatis mapper was found in '[com.yulang.test01.mapper, com.yulang.test02.mapper]' package. Please check your configuration.
2018-12-31 11:03:45 上午 [Thread: main][ Class:org.springframework.boot.web.servlet.context.AnnotationConfigServletWebServerApplicationContext >> Method: org.springframework.context.support.AbstractApplicationContext.refresh(AbstractApplicationContext.java:554) ]
WARN:Exception encountered during context initialization - cancelling refresh attempt: org.springframework.beans.factory.UnsatisfiedDependencyException: Error creating bean with name 'userController': Unsatisfied dependency expressed through field 'userService01'; nested exception is org.springframework.beans.factory.UnsatisfiedDependencyException: Error creating bean with name 'userService01': Unsatisfied dependency expressed through field 'userMapper'; nested exception is org.springframework.beans.factory.BeanCreationException: Error creating bean with name 'userMapper01' defined in file [C:\Users\13044\IdeaProjects\ManyDastasource\target\classes\com\yulang\test01\mapper\UserMapper01.class]: Cannot resolve reference to bean 'test01SqlSessionTemplate' while setting bean property 'sqlSessionTemplate'; nested exception is org.springframework.beans.factory.UnsatisfiedDependencyException: Error creating bean with name 'test01SqlSessionTemplate' defined in class path resource [com/yulang/datasource/MyBatisConfig1.class]: Unsatisfied dependency expressed through method 'testSqlSessionTemplate' parameter 0; nested exception is org.springframework.beans.factory.UnsatisfiedDependencyException: Error creating bean with name 'test01SqlSessionFactory' defined in class path resource [com/yulang/datasource/MyBatisConfig1.class]: Unsatisfied dependency expressed through method 'testSqlSessionFactory' parameter 0; nested exception is org.springframework.beans.factory.UnsatisfiedDependencyException: Error creating bean with name 'test01DataSource' defined in class path resource [com/yulang/datasource/MyBatisConfig1.class]: Unsatisfied dependency expressed through method 'testDataSource' parameter 0; nested exception is org.springframework.beans.factory.NoSuchBeanDefinitionException: No qualifying bean of type 'com.yulang.datasource.DbConfig1' available: expected at least 1 bean which qualifies as autowire candidate. Dependency annotations: {}
2018-12-31 11:03:46 上午 [Thread: main][ Class:org.springframework.boot.diagnostics.LoggingFailureAnalysisReporter >> Method: org.springframework.boot.diagnostics.LoggingFailureAnalysisReporter.report(LoggingFailureAnalysisReporter.java:42) ]
ERROR:

***************************
APPLICATION FAILED TO START
***************************

Description:

Parameter 0 of method testDataSource in com.yulang.datasource.MyBatisConfig1 required a bean of type 'com.yulang.datasource.DbConfig1' that could not be found.

The injection point has the following annotations:
	- @org.springframework.beans.factory.annotation.Autowired(required=true)


Action:

Consider defining a bean of type 'com.yulang.datasource.DbConfig1' in your configuration.

2018-12-31 12:08:08 下午 [Thread: main][ Class:org.mybatis.spring.mapper.ClassPathMapperScanner >> Method: org.mybatis.spring.mapper.ClassPathMapperScanner.checkCandidate(ClassPathMapperScanner.java:240) ]
WARN:Skipping MapperFactoryBean with name 'userMapper01' and 'com.yulang.test01.mapper.UserMapper01' mapperInterface. Bean already defined with the same name!
2018-12-31 12:08:08 下午 [Thread: main][ Class:org.mybatis.spring.mapper.ClassPathMapperScanner >> Method: org.mybatis.spring.mapper.ClassPathMapperScanner.checkCandidate(ClassPathMapperScanner.java:240) ]
WARN:Skipping MapperFactoryBean with name 'userMapper02' and 'com.yulang.test02.mapper.UserMapper02' mapperInterface. Bean already defined with the same name!
2018-12-31 12:08:08 下午 [Thread: main][ Class:org.mybatis.spring.mapper.ClassPathMapperScanner >> Method: org.mybatis.spring.mapper.ClassPathMapperScanner.doScan(ClassPathMapperScanner.java:167) ]
WARN:No MyBatis mapper was found in '[com.yulang.test01.mapper, com.yulang.test02.mapper]' package. Please check your configuration.
2018-12-31 12:08:11 下午 [Thread: main][ Class:com.atomikos.icatch.provider.imp.AssemblerImp >> Method: com.atomikos.logging.Slf4jLogger.logWarning(Slf4jLogger.java:24) ]
WARN:Thanks for using Atomikos! Evaluate http://www.atomikos.com/Main/ExtremeTransactions for advanced features and professional support
or register at http://www.atomikos.com/Main/RegisterYourDownload to disable this message and receive FREE tips & advice
2018-12-31 12:09:54 下午 [Thread: main][ Class:org.mybatis.spring.mapper.ClassPathMapperScanner >> Method: org.mybatis.spring.mapper.ClassPathMapperScanner.checkCandidate(ClassPathMapperScanner.java:240) ]
WARN:Skipping MapperFactoryBean with name 'userMapper01' and 'com.yulang.test01.mapper.UserMapper01' mapperInterface. Bean already defined with the same name!
2018-12-31 12:09:54 下午 [Thread: main][ Class:org.mybatis.spring.mapper.ClassPathMapperScanner >> Method: org.mybatis.spring.mapper.ClassPathMapperScanner.checkCandidate(ClassPathMapperScanner.java:240) ]
WARN:Skipping MapperFactoryBean with name 'userMapper02' and 'com.yulang.test02.mapper.UserMapper02' mapperInterface. Bean already defined with the same name!
2018-12-31 12:09:54 下午 [Thread: main][ Class:org.mybatis.spring.mapper.ClassPathMapperScanner >> Method: org.mybatis.spring.mapper.ClassPathMapperScanner.doScan(ClassPathMapperScanner.java:167) ]
WARN:No MyBatis mapper was found in '[com.yulang.test01.mapper, com.yulang.test02.mapper]' package. Please check your configuration.
2018-12-31 12:09:56 下午 [Thread: main][ Class:com.atomikos.icatch.provider.imp.AssemblerImp >> Method: com.atomikos.logging.Slf4jLogger.logWarning(Slf4jLogger.java:24) ]
WARN:Thanks for using Atomikos! Evaluate http://www.atomikos.com/Main/ExtremeTransactions for advanced features and professional support
or register at http://www.atomikos.com/Main/RegisterYourDownload to disable this message and receive FREE tips & advice
2018-12-31 12:11:13 下午 [Thread: main][ Class:org.mybatis.spring.mapper.ClassPathMapperScanner >> Method: org.mybatis.spring.mapper.ClassPathMapperScanner.checkCandidate(ClassPathMapperScanner.java:240) ]
WARN:Skipping MapperFactoryBean with name 'userMapper01' and 'com.yulang.test01.mapper.UserMapper01' mapperInterface. Bean already defined with the same name!
2018-12-31 12:11:13 下午 [Thread: main][ Class:org.mybatis.spring.mapper.ClassPathMapperScanner >> Method: org.mybatis.spring.mapper.ClassPathMapperScanner.checkCandidate(ClassPathMapperScanner.java:240) ]
WARN:Skipping MapperFactoryBean with name 'userMapper02' and 'com.yulang.test02.mapper.UserMapper02' mapperInterface. Bean already defined with the same name!
2018-12-31 12:11:13 下午 [Thread: main][ Class:org.mybatis.spring.mapper.ClassPathMapperScanner >> Method: org.mybatis.spring.mapper.ClassPathMapperScanner.doScan(ClassPathMapperScanner.java:167) ]
WARN:No MyBatis mapper was found in '[com.yulang.test01.mapper, com.yulang.test02.mapper]' package. Please check your configuration.
2018-12-31 12:11:16 下午 [Thread: main][ Class:com.atomikos.icatch.provider.imp.AssemblerImp >> Method: com.atomikos.logging.Slf4jLogger.logWarning(Slf4jLogger.java:24) ]
WARN:Thanks for using Atomikos! Evaluate http://www.atomikos.com/Main/ExtremeTransactions for advanced features and professional support
or register at http://www.atomikos.com/Main/RegisterYourDownload to disable this message and receive FREE tips & advice
2018-12-31 12:12:52 下午 [Thread: main][ Class:org.mybatis.spring.mapper.ClassPathMapperScanner >> Method: org.mybatis.spring.mapper.ClassPathMapperScanner.checkCandidate(ClassPathMapperScanner.java:240) ]
WARN:Skipping MapperFactoryBean with name 'userMapper01' and 'com.yulang.test01.mapper.UserMapper01' mapperInterface. Bean already defined with the same name!
2018-12-31 12:12:52 下午 [Thread: main][ Class:org.mybatis.spring.mapper.ClassPathMapperScanner >> Method: org.mybatis.spring.mapper.ClassPathMapperScanner.checkCandidate(ClassPathMapperScanner.java:240) ]
WARN:Skipping MapperFactoryBean with name 'userMapper02' and 'com.yulang.test02.mapper.UserMapper02' mapperInterface. Bean already defined with the same name!
2018-12-31 12:12:52 下午 [Thread: main][ Class:org.mybatis.spring.mapper.ClassPathMapperScanner >> Method: org.mybatis.spring.mapper.ClassPathMapperScanner.doScan(ClassPathMapperScanner.java:167) ]
WARN:No MyBatis mapper was found in '[com.yulang.test01.mapper, com.yulang.test02.mapper]' package. Please check your configuration.
2018-12-31 12:13:05 下午 [Thread: main][ Class:org.mybatis.spring.mapper.ClassPathMapperScanner >> Method: org.mybatis.spring.mapper.ClassPathMapperScanner.checkCandidate(ClassPathMapperScanner.java:240) ]
WARN:Skipping MapperFactoryBean with name 'userMapper01' and 'com.yulang.test01.mapper.UserMapper01' mapperInterface. Bean already defined with the same name!
2018-12-31 12:13:05 下午 [Thread: main][ Class:org.mybatis.spring.mapper.ClassPathMapperScanner >> Method: org.mybatis.spring.mapper.ClassPathMapperScanner.checkCandidate(ClassPathMapperScanner.java:240) ]
WARN:Skipping MapperFactoryBean with name 'userMapper02' and 'com.yulang.test02.mapper.UserMapper02' mapperInterface. Bean already defined with the same name!
2018-12-31 12:13:05 下午 [Thread: main][ Class:org.mybatis.spring.mapper.ClassPathMapperScanner >> Method: org.mybatis.spring.mapper.ClassPathMapperScanner.doScan(ClassPathMapperScanner.java:167) ]
WARN:No MyBatis mapper was found in '[com.yulang.test01.mapper, com.yulang.test02.mapper]' package. Please check your configuration.
2018-12-31 12:13:07 下午 [Thread: main][ Class:com.atomikos.icatch.provider.imp.AssemblerImp >> Method: com.atomikos.logging.Slf4jLogger.logWarning(Slf4jLogger.java:24) ]
WARN:Thanks for using Atomikos! Evaluate http://www.atomikos.com/Main/ExtremeTransactions for advanced features and professional support
or register at http://www.atomikos.com/Main/RegisterYourDownload to disable this message and receive FREE tips & advice
2018-12-31 12:16:25 下午 [Thread: main][ Class:org.mybatis.spring.mapper.ClassPathMapperScanner >> Method: org.mybatis.spring.mapper.ClassPathMapperScanner.checkCandidate(ClassPathMapperScanner.java:240) ]
WARN:Skipping MapperFactoryBean with name 'userMapper01' and 'com.yulang.test01.mapper.UserMapper01' mapperInterface. Bean already defined with the same name!
2018-12-31 12:16:25 下午 [Thread: main][ Class:org.mybatis.spring.mapper.ClassPathMapperScanner >> Method: org.mybatis.spring.mapper.ClassPathMapperScanner.checkCandidate(ClassPathMapperScanner.java:240) ]
WARN:Skipping MapperFactoryBean with name 'userMapper02' and 'com.yulang.test02.mapper.UserMapper02' mapperInterface. Bean already defined with the same name!
2018-12-31 12:16:25 下午 [Thread: main][ Class:org.mybatis.spring.mapper.ClassPathMapperScanner >> Method: org.mybatis.spring.mapper.ClassPathMapperScanner.doScan(ClassPathMapperScanner.java:167) ]
WARN:No MyBatis mapper was found in '[com.yulang.test01.mapper, com.yulang.test02.mapper]' package. Please check your configuration.
2018-12-31 12:16:27 下午 [Thread: main][ Class:com.atomikos.icatch.provider.imp.AssemblerImp >> Method: com.atomikos.logging.Slf4jLogger.logWarning(Slf4jLogger.java:24) ]
WARN:Thanks for using Atomikos! Evaluate http://www.atomikos.com/Main/ExtremeTransactions for advanced features and professional support
or register at http://www.atomikos.com/Main/RegisterYourDownload to disable this message and receive FREE tips & advice
2018-12-31 12:17:27 下午 [Thread: http-nio-8080-exec-1][ Class:com.atomikos.jdbc.AtomikosXAConnectionFactory >> Method: com.atomikos.logging.Slf4jLogger.logWarning(Slf4jLogger.java:40) ]
WARN:XAConnectionFactory: failed to create pooled connection - DBMS down or unreachable?
com.mysql.cj.jdbc.exceptions.CommunicationsException: Communications link failure

The last packet sent successfully to the server was 0 milliseconds ago. The driver has not received any packets from the server.
	at com.mysql.cj.jdbc.exceptions.SQLError.createCommunicationsException(SQLError.java:174)
	at com.mysql.cj.jdbc.exceptions.SQLExceptionsMapping.translateException(SQLExceptionsMapping.java:64)
	at com.mysql.cj.jdbc.ConnectionImpl.createNewIO(ConnectionImpl.java:835)
	at com.mysql.cj.jdbc.ConnectionImpl.<init>(ConnectionImpl.java:455)
	at com.mysql.cj.jdbc.ConnectionImpl.getInstance(ConnectionImpl.java:240)
	at com.mysql.cj.jdbc.NonRegisteringDriver.connect(NonRegisteringDriver.java:207)
	at com.mysql.cj.jdbc.MysqlDataSource.getConnection(MysqlDataSource.java:402)
	at com.mysql.cj.jdbc.MysqlDataSource.getConnection(MysqlDataSource.java:125)
	at com.mysql.cj.jdbc.MysqlDataSource.getConnection(MysqlDataSource.java:110)
	at com.mysql.cj.jdbc.MysqlXADataSource.getXAConnection(MysqlXADataSource.java:52)
	at com.atomikos.jdbc.AtomikosXAConnectionFactory.createPooledConnection(AtomikosXAConnectionFactory.java:43)
	at com.atomikos.datasource.pool.ConnectionPool.createPooledConnection(ConnectionPool.java:98)
	at com.atomikos.datasource.pool.ConnectionPool.addConnectionsIfMinPoolSizeNotReached(ConnectionPool.java:86)
	at com.atomikos.datasource.pool.ConnectionPool.init(ConnectionPool.java:60)
	at com.atomikos.datasource.pool.ConnectionPool.<init>(ConnectionPool.java:49)
	at com.atomikos.datasource.pool.ConnectionPoolWithConcurrentValidation.<init>(ConnectionPoolWithConcurrentValidation.java:23)
	at com.atomikos.jdbc.AbstractDataSourceBean.init(AbstractDataSourceBean.java:294)
	at com.atomikos.jdbc.AbstractDataSourceBean.getConnection(AbstractDataSourceBean.java:343)
	at org.springframework.jdbc.datasource.DataSourceUtils.fetchConnection(DataSourceUtils.java:151)
	at org.springframework.jdbc.datasource.DataSourceUtils.doGetConnection(DataSourceUtils.java:115)
	at org.springframework.jdbc.datasource.DataSourceUtils.getConnection(DataSourceUtils.java:78)
	at org.mybatis.spring.transaction.SpringManagedTransaction.openConnection(SpringManagedTransaction.java:84)
	at org.mybatis.spring.transaction.SpringManagedTransaction.getConnection(SpringManagedTransaction.java:70)
	at org.apache.ibatis.executor.BaseExecutor.getConnection(BaseExecutor.java:337)
	at org.apache.ibatis.executor.SimpleExecutor.prepareStatement(SimpleExecutor.java:84)
	at org.apache.ibatis.executor.SimpleExecutor.doUpdate(SimpleExecutor.java:49)
	at org.apache.ibatis.executor.BaseExecutor.update(BaseExecutor.java:117)
	at org.apache.ibatis.executor.CachingExecutor.update(CachingExecutor.java:76)
	at org.apache.ibatis.session.defaults.DefaultSqlSession.update(DefaultSqlSession.java:198)
	at org.apache.ibatis.session.defaults.DefaultSqlSession.insert(DefaultSqlSession.java:185)
	at sun.reflect.NativeMethodAccessorImpl.invoke0(Native Method)
	at sun.reflect.NativeMethodAccessorImpl.invoke(NativeMethodAccessorImpl.java:62)
	at sun.reflect.DelegatingMethodAccessorImpl.invoke(DelegatingMethodAccessorImpl.java:43)
	at java.lang.reflect.Method.invoke(Method.java:498)
	at org.mybatis.spring.SqlSessionTemplate$SqlSessionInterceptor.invoke(SqlSessionTemplate.java:434)
	at com.sun.proxy.$Proxy60.insert(Unknown Source)
	at org.mybatis.spring.SqlSessionTemplate.insert(SqlSessionTemplate.java:279)
	at org.apache.ibatis.binding.MapperMethod.execute(MapperMethod.java:56)
	at org.apache.ibatis.binding.MapperProxy.invoke(MapperProxy.java:53)
	at com.sun.proxy.$Proxy64.insert(Unknown Source)
	at com.yulang.test01.service.UserService01.insert(UserService01.java:18)
	at com.yulang.test01.service.UserService01$$FastClassBySpringCGLIB$$6170892e.invoke(<generated>)
	at org.springframework.cglib.proxy.MethodProxy.invoke(MethodProxy.java:218)
	at org.springframework.aop.framework.CglibAopProxy$CglibMethodInvocation.invokeJoinpoint(CglibAopProxy.java:749)
	at org.springframework.aop.framework.ReflectiveMethodInvocation.proceed(ReflectiveMethodInvocation.java:163)
	at org.springframework.transaction.interceptor.TransactionAspectSupport.invokeWithinTransaction(TransactionAspectSupport.java:294)
	at org.springframework.transaction.interceptor.TransactionInterceptor.invoke(TransactionInterceptor.java:98)
	at org.springframework.aop.framework.ReflectiveMethodInvocation.proceed(ReflectiveMethodInvocation.java:186)
	at org.springframework.aop.framework.CglibAopProxy$DynamicAdvisedInterceptor.intercept(CglibAopProxy.java:688)
	at com.yulang.test01.service.UserService01$$EnhancerBySpringCGLIB$$b2c2c47.insert(<generated>)
	at com.yulang.controller.UserController.insertUser(UserController.java:17)
	at sun.reflect.NativeMethodAccessorImpl.invoke0(Native Method)
	at sun.reflect.NativeMethodAccessorImpl.invoke(NativeMethodAccessorImpl.java:62)
	at sun.reflect.DelegatingMethodAccessorImpl.invoke(DelegatingMethodAccessorImpl.java:43)
	at java.lang.reflect.Method.invoke(Method.java:498)
	at org.springframework.web.method.support.InvocableHandlerMethod.doInvoke(InvocableHandlerMethod.java:189)
	at org.springframework.web.method.support.InvocableHandlerMethod.invokeForRequest(InvocableHandlerMethod.java:138)
	at org.springframework.web.servlet.mvc.method.annotation.ServletInvocableHandlerMethod.invokeAndHandle(ServletInvocableHandlerMethod.java:102)
	at org.springframework.web.servlet.mvc.method.annotation.RequestMappingHandlerAdapter.invokeHandlerMethod(RequestMappingHandlerAdapter.java:895)
	at org.springframework.web.servlet.mvc.method.annotation.RequestMappingHandlerAdapter.handleInternal(RequestMappingHandlerAdapter.java:800)
	at org.springframework.web.servlet.mvc.method.AbstractHandlerMethodAdapter.handle(AbstractHandlerMethodAdapter.java:87)
	at org.springframework.web.servlet.DispatcherServlet.doDispatch(DispatcherServlet.java:1038)
	at org.springframework.web.servlet.DispatcherServlet.doService(DispatcherServlet.java:942)
	at org.springframework.web.servlet.FrameworkServlet.processRequest(FrameworkServlet.java:1005)
	at org.springframework.web.servlet.FrameworkServlet.doGet(FrameworkServlet.java:897)
	at javax.servlet.http.HttpServlet.service(HttpServlet.java:634)
	at org.springframework.web.servlet.FrameworkServlet.service(FrameworkServlet.java:882)
	at javax.servlet.http.HttpServlet.service(HttpServlet.java:741)
	at org.apache.catalina.core.ApplicationFilterChain.internalDoFilter(ApplicationFilterChain.java:231)
	at org.apache.catalina.core.ApplicationFilterChain.doFilter(ApplicationFilterChain.java:166)
	at org.apache.tomcat.websocket.server.WsFilter.doFilter(WsFilter.java:53)
	at org.apache.catalina.core.ApplicationFilterChain.internalDoFilter(ApplicationFilterChain.java:193)
	at org.apache.catalina.core.ApplicationFilterChain.doFilter(ApplicationFilterChain.java:166)
	at org.springframework.web.filter.RequestContextFilter.doFilterInternal(RequestContextFilter.java:99)
	at org.springframework.web.filter.OncePerRequestFilter.doFilter(OncePerRequestFilter.java:107)
	at org.apache.catalina.core.ApplicationFilterChain.internalDoFilter(ApplicationFilterChain.java:193)
	at org.apache.catalina.core.ApplicationFilterChain.doFilter(ApplicationFilterChain.java:166)
	at org.springframework.web.filter.FormContentFilter.doFilterInternal(FormContentFilter.java:92)
	at org.springframework.web.filter.OncePerRequestFilter.doFilter(OncePerRequestFilter.java:107)
	at org.apache.catalina.core.ApplicationFilterChain.internalDoFilter(ApplicationFilterChain.java:193)
	at org.apache.catalina.core.ApplicationFilterChain.doFilter(ApplicationFilterChain.java:166)
	at org.springframework.web.filter.HiddenHttpMethodFilter.doFilterInternal(HiddenHttpMethodFilter.java:93)
	at org.springframework.web.filter.OncePerRequestFilter.doFilter(OncePerRequestFilter.java:107)
	at org.apache.catalina.core.ApplicationFilterChain.internalDoFilter(ApplicationFilterChain.java:193)
	at org.apache.catalina.core.ApplicationFilterChain.doFilter(ApplicationFilterChain.java:166)
	at org.springframework.web.filter.CharacterEncodingFilter.doFilterInternal(CharacterEncodingFilter.java:200)
	at org.springframework.web.filter.OncePerRequestFilter.doFilter(OncePerRequestFilter.java:107)
	at org.apache.catalina.core.ApplicationFilterChain.internalDoFilter(ApplicationFilterChain.java:193)
	at org.apache.catalina.core.ApplicationFilterChain.doFilter(ApplicationFilterChain.java:166)
	at org.apache.catalina.core.StandardWrapperValve.invoke(StandardWrapperValve.java:199)
	at org.apache.catalina.core.StandardContextValve.invoke(StandardContextValve.java:96)
	at org.apache.catalina.authenticator.AuthenticatorBase.invoke(AuthenticatorBase.java:490)
	at org.apache.catalina.core.StandardHostValve.invoke(StandardHostValve.java:139)
	at org.apache.catalina.valves.ErrorReportValve.invoke(ErrorReportValve.java:92)
	at org.apache.catalina.core.StandardEngineValve.invoke(StandardEngineValve.java:74)
	at org.apache.catalina.connector.CoyoteAdapter.service(CoyoteAdapter.java:343)
	at org.apache.coyote.http11.Http11Processor.service(Http11Processor.java:408)
	at org.apache.coyote.AbstractProcessorLight.process(AbstractProcessorLight.java:66)
	at org.apache.coyote.AbstractProtocol$ConnectionHandler.process(AbstractProtocol.java:791)
	at org.apache.tomcat.util.net.NioEndpoint$SocketProcessor.doRun(NioEndpoint.java:1417)
	at org.apache.tomcat.util.net.SocketProcessorBase.run(SocketProcessorBase.java:49)
	at java.util.concurrent.ThreadPoolExecutor.runWorker(ThreadPoolExecutor.java:1149)
	at java.util.concurrent.ThreadPoolExecutor$Worker.run(ThreadPoolExecutor.java:624)
	at org.apache.tomcat.util.threads.TaskThread$WrappingRunnable.run(TaskThread.java:61)
	at java.lang.Thread.run(Thread.java:748)
Caused by: com.mysql.cj.exceptions.CJCommunicationsException: Communications link failure

The last packet sent successfully to the server was 0 milliseconds ago. The driver has not received any packets from the server.
	at sun.reflect.NativeConstructorAccessorImpl.newInstance0(Native Method)
	at sun.reflect.NativeConstructorAccessorImpl.newInstance(NativeConstructorAccessorImpl.java:62)
	at sun.reflect.DelegatingConstructorAccessorImpl.newInstance(DelegatingConstructorAccessorImpl.java:45)
	at java.lang.reflect.Constructor.newInstance(Constructor.java:423)
	at com.mysql.cj.exceptions.ExceptionFactory.createException(ExceptionFactory.java:61)
	at com.mysql.cj.exceptions.ExceptionFactory.createException(ExceptionFactory.java:105)
	at com.mysql.cj.exceptions.ExceptionFactory.createException(ExceptionFactory.java:151)
	at com.mysql.cj.exceptions.ExceptionFactory.createCommunicationsException(ExceptionFactory.java:167)
	at com.mysql.cj.protocol.a.NativeSocketConnection.connect(NativeSocketConnection.java:91)
	at com.mysql.cj.NativeSession.connect(NativeSession.java:152)
	at com.mysql.cj.jdbc.ConnectionImpl.connectOneTryOnly(ConnectionImpl.java:955)
	at com.mysql.cj.jdbc.ConnectionImpl.createNewIO(ConnectionImpl.java:825)
	... 102 more
Caused by: java.net.ConnectException: Connection refused: connect
	at java.net.DualStackPlainSocketImpl.connect0(Native Method)
	at java.net.DualStackPlainSocketImpl.socketConnect(DualStackPlainSocketImpl.java:79)
	at java.net.AbstractPlainSocketImpl.doConnect(AbstractPlainSocketImpl.java:350)
	at java.net.AbstractPlainSocketImpl.connectToAddress(AbstractPlainSocketImpl.java:206)
	at java.net.AbstractPlainSocketImpl.connect(AbstractPlainSocketImpl.java:188)
	at java.net.PlainSocketImpl.connect(PlainSocketImpl.java:172)
	at java.net.SocksSocketImpl.connect(SocksSocketImpl.java:392)
	at java.net.Socket.connect(Socket.java:589)
	at com.mysql.cj.protocol.StandardSocketFactory.connect(StandardSocketFactory.java:155)
	at com.mysql.cj.protocol.a.NativeSocketConnection.connect(NativeSocketConnection.java:65)
	... 105 more
2018-12-31 12:17:29 下午 [Thread: http-nio-8080-exec-1][ Class:com.atomikos.jdbc.AtomikosXAConnectionFactory >> Method: com.atomikos.logging.Slf4jLogger.logWarning(Slf4jLogger.java:40) ]
WARN:XAConnectionFactory: failed to create pooled connection - DBMS down or unreachable?
com.mysql.cj.jdbc.exceptions.CommunicationsException: Communications link failure

The last packet sent successfully to the server was 0 milliseconds ago. The driver has not received any packets from the server.
	at com.mysql.cj.jdbc.exceptions.SQLError.createCommunicationsException(SQLError.java:174)
	at com.mysql.cj.jdbc.exceptions.SQLExceptionsMapping.translateException(SQLExceptionsMapping.java:64)
	at com.mysql.cj.jdbc.ConnectionImpl.createNewIO(ConnectionImpl.java:835)
	at com.mysql.cj.jdbc.ConnectionImpl.<init>(ConnectionImpl.java:455)
	at com.mysql.cj.jdbc.ConnectionImpl.getInstance(ConnectionImpl.java:240)
	at com.mysql.cj.jdbc.NonRegisteringDriver.connect(NonRegisteringDriver.java:207)
	at com.mysql.cj.jdbc.MysqlDataSource.getConnection(MysqlDataSource.java:402)
	at com.mysql.cj.jdbc.MysqlDataSource.getConnection(MysqlDataSource.java:125)
	at com.mysql.cj.jdbc.MysqlDataSource.getConnection(MysqlDataSource.java:110)
	at com.mysql.cj.jdbc.MysqlXADataSource.getXAConnection(MysqlXADataSource.java:52)
	at com.atomikos.jdbc.AtomikosXAConnectionFactory.createPooledConnection(AtomikosXAConnectionFactory.java:43)
	at com.atomikos.datasource.pool.ConnectionPool.createPooledConnection(ConnectionPool.java:98)
	at com.atomikos.datasource.pool.ConnectionPool.addConnectionsIfMinPoolSizeNotReached(ConnectionPool.java:86)
	at com.atomikos.datasource.pool.ConnectionPool.init(ConnectionPool.java:60)
	at com.atomikos.datasource.pool.ConnectionPool.<init>(ConnectionPool.java:49)
	at com.atomikos.datasource.pool.ConnectionPoolWithConcurrentValidation.<init>(ConnectionPoolWithConcurrentValidation.java:23)
	at com.atomikos.jdbc.AbstractDataSourceBean.init(AbstractDataSourceBean.java:294)
	at com.atomikos.jdbc.AbstractDataSourceBean.getConnection(AbstractDataSourceBean.java:343)
	at org.springframework.jdbc.datasource.DataSourceUtils.fetchConnection(DataSourceUtils.java:151)
	at org.springframework.jdbc.datasource.DataSourceUtils.doGetConnection(DataSourceUtils.java:115)
	at org.springframework.jdbc.datasource.DataSourceUtils.getConnection(DataSourceUtils.java:78)
	at org.mybatis.spring.transaction.SpringManagedTransaction.openConnection(SpringManagedTransaction.java:84)
	at org.mybatis.spring.transaction.SpringManagedTransaction.getConnection(SpringManagedTransaction.java:70)
	at org.apache.ibatis.executor.BaseExecutor.getConnection(BaseExecutor.java:337)
	at org.apache.ibatis.executor.SimpleExecutor.prepareStatement(SimpleExecutor.java:84)
	at org.apache.ibatis.executor.SimpleExecutor.doUpdate(SimpleExecutor.java:49)
	at org.apache.ibatis.executor.BaseExecutor.update(BaseExecutor.java:117)
	at org.apache.ibatis.executor.CachingExecutor.update(CachingExecutor.java:76)
	at org.apache.ibatis.session.defaults.DefaultSqlSession.update(DefaultSqlSession.java:198)
	at org.apache.ibatis.session.defaults.DefaultSqlSession.insert(DefaultSqlSession.java:185)
	at sun.reflect.NativeMethodAccessorImpl.invoke0(Native Method)
	at sun.reflect.NativeMethodAccessorImpl.invoke(NativeMethodAccessorImpl.java:62)
	at sun.reflect.DelegatingMethodAccessorImpl.invoke(DelegatingMethodAccessorImpl.java:43)
	at java.lang.reflect.Method.invoke(Method.java:498)
	at org.mybatis.spring.SqlSessionTemplate$SqlSessionInterceptor.invoke(SqlSessionTemplate.java:434)
	at com.sun.proxy.$Proxy60.insert(Unknown Source)
	at org.mybatis.spring.SqlSessionTemplate.insert(SqlSessionTemplate.java:279)
	at org.apache.ibatis.binding.MapperMethod.execute(MapperMethod.java:56)
	at org.apache.ibatis.binding.MapperProxy.invoke(MapperProxy.java:53)
	at com.sun.proxy.$Proxy64.insert(Unknown Source)
	at com.yulang.test01.service.UserService01.insert(UserService01.java:18)
	at com.yulang.test01.service.UserService01$$FastClassBySpringCGLIB$$6170892e.invoke(<generated>)
	at org.springframework.cglib.proxy.MethodProxy.invoke(MethodProxy.java:218)
	at org.springframework.aop.framework.CglibAopProxy$CglibMethodInvocation.invokeJoinpoint(CglibAopProxy.java:749)
	at org.springframework.aop.framework.ReflectiveMethodInvocation.proceed(ReflectiveMethodInvocation.java:163)
	at org.springframework.transaction.interceptor.TransactionAspectSupport.invokeWithinTransaction(TransactionAspectSupport.java:294)
	at org.springframework.transaction.interceptor.TransactionInterceptor.invoke(TransactionInterceptor.java:98)
	at org.springframework.aop.framework.ReflectiveMethodInvocation.proceed(ReflectiveMethodInvocation.java:186)
	at org.springframework.aop.framework.CglibAopProxy$DynamicAdvisedInterceptor.intercept(CglibAopProxy.java:688)
	at com.yulang.test01.service.UserService01$$EnhancerBySpringCGLIB$$b2c2c47.insert(<generated>)
	at com.yulang.controller.UserController.insertUser(UserController.java:17)
	at sun.reflect.NativeMethodAccessorImpl.invoke0(Native Method)
	at sun.reflect.NativeMethodAccessorImpl.invoke(NativeMethodAccessorImpl.java:62)
	at sun.reflect.DelegatingMethodAccessorImpl.invoke(DelegatingMethodAccessorImpl.java:43)
	at java.lang.reflect.Method.invoke(Method.java:498)
	at org.springframework.web.method.support.InvocableHandlerMethod.doInvoke(InvocableHandlerMethod.java:189)
	at org.springframework.web.method.support.InvocableHandlerMethod.invokeForRequest(InvocableHandlerMethod.java:138)
	at org.springframework.web.servlet.mvc.method.annotation.ServletInvocableHandlerMethod.invokeAndHandle(ServletInvocableHandlerMethod.java:102)
	at org.springframework.web.servlet.mvc.method.annotation.RequestMappingHandlerAdapter.invokeHandlerMethod(RequestMappingHandlerAdapter.java:895)
	at org.springframework.web.servlet.mvc.method.annotation.RequestMappingHandlerAdapter.handleInternal(RequestMappingHandlerAdapter.java:800)
	at org.springframework.web.servlet.mvc.method.AbstractHandlerMethodAdapter.handle(AbstractHandlerMethodAdapter.java:87)
	at org.springframework.web.servlet.DispatcherServlet.doDispatch(DispatcherServlet.java:1038)
	at org.springframework.web.servlet.DispatcherServlet.doService(DispatcherServlet.java:942)
	at org.springframework.web.servlet.FrameworkServlet.processRequest(FrameworkServlet.java:1005)
	at org.springframework.web.servlet.FrameworkServlet.doGet(FrameworkServlet.java:897)
	at javax.servlet.http.HttpServlet.service(HttpServlet.java:634)
	at org.springframework.web.servlet.FrameworkServlet.service(FrameworkServlet.java:882)
	at javax.servlet.http.HttpServlet.service(HttpServlet.java:741)
	at org.apache.catalina.core.ApplicationFilterChain.internalDoFilter(ApplicationFilterChain.java:231)
	at org.apache.catalina.core.ApplicationFilterChain.doFilter(ApplicationFilterChain.java:166)
	at org.apache.tomcat.websocket.server.WsFilter.doFilter(WsFilter.java:53)
	at org.apache.catalina.core.ApplicationFilterChain.internalDoFilter(ApplicationFilterChain.java:193)
	at org.apache.catalina.core.ApplicationFilterChain.doFilter(ApplicationFilterChain.java:166)
	at org.springframework.web.filter.RequestContextFilter.doFilterInternal(RequestContextFilter.java:99)
	at org.springframework.web.filter.OncePerRequestFilter.doFilter(OncePerRequestFilter.java:107)
	at org.apache.catalina.core.ApplicationFilterChain.internalDoFilter(ApplicationFilterChain.java:193)
	at org.apache.catalina.core.ApplicationFilterChain.doFilter(ApplicationFilterChain.java:166)
	at org.springframework.web.filter.FormContentFilter.doFilterInternal(FormContentFilter.java:92)
	at org.springframework.web.filter.OncePerRequestFilter.doFilter(OncePerRequestFilter.java:107)
	at org.apache.catalina.core.ApplicationFilterChain.internalDoFilter(ApplicationFilterChain.java:193)
	at org.apache.catalina.core.ApplicationFilterChain.doFilter(ApplicationFilterChain.java:166)
	at org.springframework.web.filter.HiddenHttpMethodFilter.doFilterInternal(HiddenHttpMethodFilter.java:93)
	at org.springframework.web.filter.OncePerRequestFilter.doFilter(OncePerRequestFilter.java:107)
	at org.apache.catalina.core.ApplicationFilterChain.internalDoFilter(ApplicationFilterChain.java:193)
	at org.apache.catalina.core.ApplicationFilterChain.doFilter(ApplicationFilterChain.java:166)
	at org.springframework.web.filter.CharacterEncodingFilter.doFilterInternal(CharacterEncodingFilter.java:200)
	at org.springframework.web.filter.OncePerRequestFilter.doFilter(OncePerRequestFilter.java:107)
	at org.apache.catalina.core.ApplicationFilterChain.internalDoFilter(ApplicationFilterChain.java:193)
	at org.apache.catalina.core.ApplicationFilterChain.doFilter(ApplicationFilterChain.java:166)
	at org.apache.catalina.core.StandardWrapperValve.invoke(StandardWrapperValve.java:199)
	at org.apache.catalina.core.StandardContextValve.invoke(StandardContextValve.java:96)
	at org.apache.catalina.authenticator.AuthenticatorBase.invoke(AuthenticatorBase.java:490)
	at org.apache.catalina.core.StandardHostValve.invoke(StandardHostValve.java:139)
	at org.apache.catalina.valves.ErrorReportValve.invoke(ErrorReportValve.java:92)
	at org.apache.catalina.core.StandardEngineValve.invoke(StandardEngineValve.java:74)
	at org.apache.catalina.connector.CoyoteAdapter.service(CoyoteAdapter.java:343)
	at org.apache.coyote.http11.Http11Processor.service(Http11Processor.java:408)
	at org.apache.coyote.AbstractProcessorLight.process(AbstractProcessorLight.java:66)
	at org.apache.coyote.AbstractProtocol$ConnectionHandler.process(AbstractProtocol.java:791)
	at org.apache.tomcat.util.net.NioEndpoint$SocketProcessor.doRun(NioEndpoint.java:1417)
	at org.apache.tomcat.util.net.SocketProcessorBase.run(SocketProcessorBase.java:49)
	at java.util.concurrent.ThreadPoolExecutor.runWorker(ThreadPoolExecutor.java:1149)
	at java.util.concurrent.ThreadPoolExecutor$Worker.run(ThreadPoolExecutor.java:624)
	at org.apache.tomcat.util.threads.TaskThread$WrappingRunnable.run(TaskThread.java:61)
	at java.lang.Thread.run(Thread.java:748)
Caused by: com.mysql.cj.exceptions.CJCommunicationsException: Communications link failure

The last packet sent successfully to the server was 0 milliseconds ago. The driver has not received any packets from the server.
	at sun.reflect.NativeConstructorAccessorImpl.newInstance0(Native Method)
	at sun.reflect.NativeConstructorAccessorImpl.newInstance(NativeConstructorAccessorImpl.java:62)
	at sun.reflect.DelegatingConstructorAccessorImpl.newInstance(DelegatingConstructorAccessorImpl.java:45)
	at java.lang.reflect.Constructor.newInstance(Constructor.java:423)
	at com.mysql.cj.exceptions.ExceptionFactory.createException(ExceptionFactory.java:61)
	at com.mysql.cj.exceptions.ExceptionFactory.createException(ExceptionFactory.java:105)
	at com.mysql.cj.exceptions.ExceptionFactory.createException(ExceptionFactory.java:151)
	at com.mysql.cj.exceptions.ExceptionFactory.createCommunicationsException(ExceptionFactory.java:167)
	at com.mysql.cj.protocol.a.NativeSocketConnection.connect(NativeSocketConnection.java:91)
	at com.mysql.cj.NativeSession.connect(NativeSession.java:152)
	at com.mysql.cj.jdbc.ConnectionImpl.connectOneTryOnly(ConnectionImpl.java:955)
	at com.mysql.cj.jdbc.ConnectionImpl.createNewIO(ConnectionImpl.java:825)
	... 102 more
Caused by: java.net.ConnectException: Connection refused: connect
	at java.net.DualStackPlainSocketImpl.connect0(Native Method)
	at java.net.DualStackPlainSocketImpl.socketConnect(DualStackPlainSocketImpl.java:79)
	at java.net.AbstractPlainSocketImpl.doConnect(AbstractPlainSocketImpl.java:350)
	at java.net.AbstractPlainSocketImpl.connectToAddress(AbstractPlainSocketImpl.java:206)
	at java.net.AbstractPlainSocketImpl.connect(AbstractPlainSocketImpl.java:188)
	at java.net.PlainSocketImpl.connect(PlainSocketImpl.java:172)
	at java.net.SocksSocketImpl.connect(SocksSocketImpl.java:392)
	at java.net.Socket.connect(Socket.java:589)
	at com.mysql.cj.protocol.StandardSocketFactory.connect(StandardSocketFactory.java:155)
	at com.mysql.cj.protocol.a.NativeSocketConnection.connect(NativeSocketConnection.java:65)
	... 105 more
2018-12-31 12:17:31 下午 [Thread: Atomikos:2][ Class:com.atomikos.icatch.imp.ActiveStateHandler >> Method: com.atomikos.logging.Slf4jLogger.logWarning(Slf4jLogger.java:24) ]
WARN:Transaction 192.168.213.1.tm154622984135000001 has timed out and will rollback.
2018-12-31 12:17:31 下午 [Thread: http-nio-8080-exec-1][ Class:com.atomikos.jdbc.AtomikosXAConnectionFactory >> Method: com.atomikos.logging.Slf4jLogger.logWarning(Slf4jLogger.java:40) ]
WARN:XAConnectionFactory: failed to create pooled connection - DBMS down or unreachable?
com.mysql.cj.jdbc.exceptions.CommunicationsException: Communications link failure

The last packet sent successfully to the server was 0 milliseconds ago. The driver has not received any packets from the server.
	at com.mysql.cj.jdbc.exceptions.SQLError.createCommunicationsException(SQLError.java:174)
	at com.mysql.cj.jdbc.exceptions.SQLExceptionsMapping.translateException(SQLExceptionsMapping.java:64)
	at com.mysql.cj.jdbc.ConnectionImpl.createNewIO(ConnectionImpl.java:835)
	at com.mysql.cj.jdbc.ConnectionImpl.<init>(ConnectionImpl.java:455)
	at com.mysql.cj.jdbc.ConnectionImpl.getInstance(ConnectionImpl.java:240)
	at com.mysql.cj.jdbc.NonRegisteringDriver.connect(NonRegisteringDriver.java:207)
	at com.mysql.cj.jdbc.MysqlDataSource.getConnection(MysqlDataSource.java:402)
	at com.mysql.cj.jdbc.MysqlDataSource.getConnection(MysqlDataSource.java:125)
	at com.mysql.cj.jdbc.MysqlDataSource.getConnection(MysqlDataSource.java:110)
	at com.mysql.cj.jdbc.MysqlXADataSource.getXAConnection(MysqlXADataSource.java:52)
	at com.atomikos.jdbc.AtomikosXAConnectionFactory.createPooledConnection(AtomikosXAConnectionFactory.java:43)
	at com.atomikos.datasource.pool.ConnectionPool.createPooledConnection(ConnectionPool.java:98)
	at com.atomikos.datasource.pool.ConnectionPool.addConnectionsIfMinPoolSizeNotReached(ConnectionPool.java:86)
	at com.atomikos.datasource.pool.ConnectionPool.init(ConnectionPool.java:60)
	at com.atomikos.datasource.pool.ConnectionPool.<init>(ConnectionPool.java:49)
	at com.atomikos.datasource.pool.ConnectionPoolWithConcurrentValidation.<init>(ConnectionPoolWithConcurrentValidation.java:23)
	at com.atomikos.jdbc.AbstractDataSourceBean.init(AbstractDataSourceBean.java:294)
	at com.atomikos.jdbc.AbstractDataSourceBean.getConnection(AbstractDataSourceBean.java:343)
	at org.springframework.jdbc.datasource.DataSourceUtils.fetchConnection(DataSourceUtils.java:151)
	at org.springframework.jdbc.datasource.DataSourceUtils.doGetConnection(DataSourceUtils.java:115)
	at org.springframework.jdbc.datasource.DataSourceUtils.getConnection(DataSourceUtils.java:78)
	at org.mybatis.spring.transaction.SpringManagedTransaction.openConnection(SpringManagedTransaction.java:84)
	at org.mybatis.spring.transaction.SpringManagedTransaction.getConnection(SpringManagedTransaction.java:70)
	at org.apache.ibatis.executor.BaseExecutor.getConnection(BaseExecutor.java:337)
	at org.apache.ibatis.executor.SimpleExecutor.prepareStatement(SimpleExecutor.java:84)
	at org.apache.ibatis.executor.SimpleExecutor.doUpdate(SimpleExecutor.java:49)
	at org.apache.ibatis.executor.BaseExecutor.update(BaseExecutor.java:117)
	at org.apache.ibatis.executor.CachingExecutor.update(CachingExecutor.java:76)
	at org.apache.ibatis.session.defaults.DefaultSqlSession.update(DefaultSqlSession.java:198)
	at org.apache.ibatis.session.defaults.DefaultSqlSession.insert(DefaultSqlSession.java:185)
	at sun.reflect.NativeMethodAccessorImpl.invoke0(Native Method)
	at sun.reflect.NativeMethodAccessorImpl.invoke(NativeMethodAccessorImpl.java:62)
	at sun.reflect.DelegatingMethodAccessorImpl.invoke(DelegatingMethodAccessorImpl.java:43)
	at java.lang.reflect.Method.invoke(Method.java:498)
	at org.mybatis.spring.SqlSessionTemplate$SqlSessionInterceptor.invoke(SqlSessionTemplate.java:434)
	at com.sun.proxy.$Proxy60.insert(Unknown Source)
	at org.mybatis.spring.SqlSessionTemplate.insert(SqlSessionTemplate.java:279)
	at org.apache.ibatis.binding.MapperMethod.execute(MapperMethod.java:56)
	at org.apache.ibatis.binding.MapperProxy.invoke(MapperProxy.java:53)
	at com.sun.proxy.$Proxy64.insert(Unknown Source)
	at com.yulang.test01.service.UserService01.insert(UserService01.java:18)
	at com.yulang.test01.service.UserService01$$FastClassBySpringCGLIB$$6170892e.invoke(<generated>)
	at org.springframework.cglib.proxy.MethodProxy.invoke(MethodProxy.java:218)
	at org.springframework.aop.framework.CglibAopProxy$CglibMethodInvocation.invokeJoinpoint(CglibAopProxy.java:749)
	at org.springframework.aop.framework.ReflectiveMethodInvocation.proceed(ReflectiveMethodInvocation.java:163)
	at org.springframework.transaction.interceptor.TransactionAspectSupport.invokeWithinTransaction(TransactionAspectSupport.java:294)
	at org.springframework.transaction.interceptor.TransactionInterceptor.invoke(TransactionInterceptor.java:98)
	at org.springframework.aop.framework.ReflectiveMethodInvocation.proceed(ReflectiveMethodInvocation.java:186)
	at org.springframework.aop.framework.CglibAopProxy$DynamicAdvisedInterceptor.intercept(CglibAopProxy.java:688)
	at com.yulang.test01.service.UserService01$$EnhancerBySpringCGLIB$$b2c2c47.insert(<generated>)
	at com.yulang.controller.UserController.insertUser(UserController.java:17)
	at sun.reflect.NativeMethodAccessorImpl.invoke0(Native Method)
	at sun.reflect.NativeMethodAccessorImpl.invoke(NativeMethodAccessorImpl.java:62)
	at sun.reflect.DelegatingMethodAccessorImpl.invoke(DelegatingMethodAccessorImpl.java:43)
	at java.lang.reflect.Method.invoke(Method.java:498)
	at org.springframework.web.method.support.InvocableHandlerMethod.doInvoke(InvocableHandlerMethod.java:189)
	at org.springframework.web.method.support.InvocableHandlerMethod.invokeForRequest(InvocableHandlerMethod.java:138)
	at org.springframework.web.servlet.mvc.method.annotation.ServletInvocableHandlerMethod.invokeAndHandle(ServletInvocableHandlerMethod.java:102)
	at org.springframework.web.servlet.mvc.method.annotation.RequestMappingHandlerAdapter.invokeHandlerMethod(RequestMappingHandlerAdapter.java:895)
	at org.springframework.web.servlet.mvc.method.annotation.RequestMappingHandlerAdapter.handleInternal(RequestMappingHandlerAdapter.java:800)
	at org.springframework.web.servlet.mvc.method.AbstractHandlerMethodAdapter.handle(AbstractHandlerMethodAdapter.java:87)
	at org.springframework.web.servlet.DispatcherServlet.doDispatch(DispatcherServlet.java:1038)
	at org.springframework.web.servlet.DispatcherServlet.doService(DispatcherServlet.java:942)
	at org.springframework.web.servlet.FrameworkServlet.processRequest(FrameworkServlet.java:1005)
	at org.springframework.web.servlet.FrameworkServlet.doGet(FrameworkServlet.java:897)
	at javax.servlet.http.HttpServlet.service(HttpServlet.java:634)
	at org.springframework.web.servlet.FrameworkServlet.service(FrameworkServlet.java:882)
	at javax.servlet.http.HttpServlet.service(HttpServlet.java:741)
	at org.apache.catalina.core.ApplicationFilterChain.internalDoFilter(ApplicationFilterChain.java:231)
	at org.apache.catalina.core.ApplicationFilterChain.doFilter(ApplicationFilterChain.java:166)
	at org.apache.tomcat.websocket.server.WsFilter.doFilter(WsFilter.java:53)
	at org.apache.catalina.core.ApplicationFilterChain.internalDoFilter(ApplicationFilterChain.java:193)
	at org.apache.catalina.core.ApplicationFilterChain.doFilter(ApplicationFilterChain.java:166)
	at org.springframework.web.filter.RequestContextFilter.doFilterInternal(RequestContextFilter.java:99)
	at org.springframework.web.filter.OncePerRequestFilter.doFilter(OncePerRequestFilter.java:107)
	at org.apache.catalina.core.ApplicationFilterChain.internalDoFilter(ApplicationFilterChain.java:193)
	at org.apache.catalina.core.ApplicationFilterChain.doFilter(ApplicationFilterChain.java:166)
	at org.springframework.web.filter.FormContentFilter.doFilterInternal(FormContentFilter.java:92)
	at org.springframework.web.filter.OncePerRequestFilter.doFilter(OncePerRequestFilter.java:107)
	at org.apache.catalina.core.ApplicationFilterChain.internalDoFilter(ApplicationFilterChain.java:193)
	at org.apache.catalina.core.ApplicationFilterChain.doFilter(ApplicationFilterChain.java:166)
	at org.springframework.web.filter.HiddenHttpMethodFilter.doFilterInternal(HiddenHttpMethodFilter.java:93)
	at org.springframework.web.filter.OncePerRequestFilter.doFilter(OncePerRequestFilter.java:107)
	at org.apache.catalina.core.ApplicationFilterChain.internalDoFilter(ApplicationFilterChain.java:193)
	at org.apache.catalina.core.ApplicationFilterChain.doFilter(ApplicationFilterChain.java:166)
	at org.springframework.web.filter.CharacterEncodingFilter.doFilterInternal(CharacterEncodingFilter.java:200)
	at org.springframework.web.filter.OncePerRequestFilter.doFilter(OncePerRequestFilter.java:107)
	at org.apache.catalina.core.ApplicationFilterChain.internalDoFilter(ApplicationFilterChain.java:193)
	at org.apache.catalina.core.ApplicationFilterChain.doFilter(ApplicationFilterChain.java:166)
	at org.apache.catalina.core.StandardWrapperValve.invoke(StandardWrapperValve.java:199)
	at org.apache.catalina.core.StandardContextValve.invoke(StandardContextValve.java:96)
	at org.apache.catalina.authenticator.AuthenticatorBase.invoke(AuthenticatorBase.java:490)
	at org.apache.catalina.core.StandardHostValve.invoke(StandardHostValve.java:139)
	at org.apache.catalina.valves.ErrorReportValve.invoke(ErrorReportValve.java:92)
	at org.apache.catalina.core.StandardEngineValve.invoke(StandardEngineValve.java:74)
	at org.apache.catalina.connector.CoyoteAdapter.service(CoyoteAdapter.java:343)
	at org.apache.coyote.http11.Http11Processor.service(Http11Processor.java:408)
	at org.apache.coyote.AbstractProcessorLight.process(AbstractProcessorLight.java:66)
	at org.apache.coyote.AbstractProtocol$ConnectionHandler.process(AbstractProtocol.java:791)
	at org.apache.tomcat.util.net.NioEndpoint$SocketProcessor.doRun(NioEndpoint.java:1417)
	at org.apache.tomcat.util.net.SocketProcessorBase.run(SocketProcessorBase.java:49)
	at java.util.concurrent.ThreadPoolExecutor.runWorker(ThreadPoolExecutor.java:1149)
	at java.util.concurrent.ThreadPoolExecutor$Worker.run(ThreadPoolExecutor.java:624)
	at org.apache.tomcat.util.threads.TaskThread$WrappingRunnable.run(TaskThread.java:61)
	at java.lang.Thread.run(Thread.java:748)
Caused by: com.mysql.cj.exceptions.CJCommunicationsException: Communications link failure

The last packet sent successfully to the server was 0 milliseconds ago. The driver has not received any packets from the server.
	at sun.reflect.NativeConstructorAccessorImpl.newInstance0(Native Method)
	at sun.reflect.NativeConstructorAccessorImpl.newInstance(NativeConstructorAccessorImpl.java:62)
	at sun.reflect.DelegatingConstructorAccessorImpl.newInstance(DelegatingConstructorAccessorImpl.java:45)
	at java.lang.reflect.Constructor.newInstance(Constructor.java:423)
	at com.mysql.cj.exceptions.ExceptionFactory.createException(ExceptionFactory.java:61)
	at com.mysql.cj.exceptions.ExceptionFactory.createException(ExceptionFactory.java:105)
	at com.mysql.cj.exceptions.ExceptionFactory.createException(ExceptionFactory.java:151)
	at com.mysql.cj.exceptions.ExceptionFactory.createCommunicationsException(ExceptionFactory.java:167)
	at com.mysql.cj.protocol.a.NativeSocketConnection.connect(NativeSocketConnection.java:91)
	at com.mysql.cj.NativeSession.connect(NativeSession.java:152)
	at com.mysql.cj.jdbc.ConnectionImpl.connectOneTryOnly(ConnectionImpl.java:955)
	at com.mysql.cj.jdbc.ConnectionImpl.createNewIO(ConnectionImpl.java:825)
	... 102 more
Caused by: java.net.ConnectException: Connection refused: connect
	at java.net.DualStackPlainSocketImpl.connect0(Native Method)
	at java.net.DualStackPlainSocketImpl.socketConnect(DualStackPlainSocketImpl.java:79)
	at java.net.AbstractPlainSocketImpl.doConnect(AbstractPlainSocketImpl.java:350)
	at java.net.AbstractPlainSocketImpl.connectToAddress(AbstractPlainSocketImpl.java:206)
	at java.net.AbstractPlainSocketImpl.connect(AbstractPlainSocketImpl.java:188)
	at java.net.PlainSocketImpl.connect(PlainSocketImpl.java:172)
	at java.net.SocksSocketImpl.connect(SocksSocketImpl.java:392)
	at java.net.Socket.connect(Socket.java:589)
	at com.mysql.cj.protocol.StandardSocketFactory.connect(StandardSocketFactory.java:155)
	at com.mysql.cj.protocol.a.NativeSocketConnection.connect(NativeSocketConnection.java:65)
	... 105 more
2018-12-31 12:17:33 下午 [Thread: http-nio-8080-exec-1][ Class:com.atomikos.jdbc.AtomikosXAConnectionFactory >> Method: com.atomikos.logging.Slf4jLogger.logWarning(Slf4jLogger.java:40) ]
WARN:XAConnectionFactory: failed to create pooled connection - DBMS down or unreachable?
com.mysql.cj.jdbc.exceptions.CommunicationsException: Communications link failure

The last packet sent successfully to the server was 0 milliseconds ago. The driver has not received any packets from the server.
	at com.mysql.cj.jdbc.exceptions.SQLError.createCommunicationsException(SQLError.java:174)
	at com.mysql.cj.jdbc.exceptions.SQLExceptionsMapping.translateException(SQLExceptionsMapping.java:64)
	at com.mysql.cj.jdbc.ConnectionImpl.createNewIO(ConnectionImpl.java:835)
	at com.mysql.cj.jdbc.ConnectionImpl.<init>(ConnectionImpl.java:455)
	at com.mysql.cj.jdbc.ConnectionImpl.getInstance(ConnectionImpl.java:240)
	at com.mysql.cj.jdbc.NonRegisteringDriver.connect(NonRegisteringDriver.java:207)
	at com.mysql.cj.jdbc.MysqlDataSource.getConnection(MysqlDataSource.java:402)
	at com.mysql.cj.jdbc.MysqlDataSource.getConnection(MysqlDataSource.java:125)
	at com.mysql.cj.jdbc.MysqlDataSource.getConnection(MysqlDataSource.java:110)
	at com.mysql.cj.jdbc.MysqlXADataSource.getXAConnection(MysqlXADataSource.java:52)
	at com.atomikos.jdbc.AtomikosXAConnectionFactory.createPooledConnection(AtomikosXAConnectionFactory.java:43)
	at com.atomikos.datasource.pool.ConnectionPool.createPooledConnection(ConnectionPool.java:98)
	at com.atomikos.datasource.pool.ConnectionPool.growPool(ConnectionPool.java:205)
	at com.atomikos.datasource.pool.ConnectionPool.retrieveFirstAvailableConnectionAndGrowPoolIfNecessary(ConnectionPool.java:155)
	at com.atomikos.datasource.pool.ConnectionPool.findOrWaitForAnAvailableConnection(ConnectionPool.java:141)
	at com.atomikos.datasource.pool.ConnectionPool.borrowConnection(ConnectionPool.java:132)
	at com.atomikos.jdbc.AbstractDataSourceBean.getConnection(AbstractDataSourceBean.java:346)
	at org.springframework.jdbc.datasource.DataSourceUtils.fetchConnection(DataSourceUtils.java:151)
	at org.springframework.jdbc.datasource.DataSourceUtils.doGetConnection(DataSourceUtils.java:115)
	at org.springframework.jdbc.datasource.DataSourceUtils.getConnection(DataSourceUtils.java:78)
	at org.mybatis.spring.transaction.SpringManagedTransaction.openConnection(SpringManagedTransaction.java:84)
	at org.mybatis.spring.transaction.SpringManagedTransaction.getConnection(SpringManagedTransaction.java:70)
	at org.apache.ibatis.executor.BaseExecutor.getConnection(BaseExecutor.java:337)
	at org.apache.ibatis.executor.SimpleExecutor.prepareStatement(SimpleExecutor.java:84)
	at org.apache.ibatis.executor.SimpleExecutor.doUpdate(SimpleExecutor.java:49)
	at org.apache.ibatis.executor.BaseExecutor.update(BaseExecutor.java:117)
	at org.apache.ibatis.executor.CachingExecutor.update(CachingExecutor.java:76)
	at org.apache.ibatis.session.defaults.DefaultSqlSession.update(DefaultSqlSession.java:198)
	at org.apache.ibatis.session.defaults.DefaultSqlSession.insert(DefaultSqlSession.java:185)
	at sun.reflect.NativeMethodAccessorImpl.invoke0(Native Method)
	at sun.reflect.NativeMethodAccessorImpl.invoke(NativeMethodAccessorImpl.java:62)
	at sun.reflect.DelegatingMethodAccessorImpl.invoke(DelegatingMethodAccessorImpl.java:43)
	at java.lang.reflect.Method.invoke(Method.java:498)
	at org.mybatis.spring.SqlSessionTemplate$SqlSessionInterceptor.invoke(SqlSessionTemplate.java:434)
	at com.sun.proxy.$Proxy60.insert(Unknown Source)
	at org.mybatis.spring.SqlSessionTemplate.insert(SqlSessionTemplate.java:279)
	at org.apache.ibatis.binding.MapperMethod.execute(MapperMethod.java:56)
	at org.apache.ibatis.binding.MapperProxy.invoke(MapperProxy.java:53)
	at com.sun.proxy.$Proxy64.insert(Unknown Source)
	at com.yulang.test01.service.UserService01.insert(UserService01.java:18)
	at com.yulang.test01.service.UserService01$$FastClassBySpringCGLIB$$6170892e.invoke(<generated>)
	at org.springframework.cglib.proxy.MethodProxy.invoke(MethodProxy.java:218)
	at org.springframework.aop.framework.CglibAopProxy$CglibMethodInvocation.invokeJoinpoint(CglibAopProxy.java:749)
	at org.springframework.aop.framework.ReflectiveMethodInvocation.proceed(ReflectiveMethodInvocation.java:163)
	at org.springframework.transaction.interceptor.TransactionAspectSupport.invokeWithinTransaction(TransactionAspectSupport.java:294)
	at org.springframework.transaction.interceptor.TransactionInterceptor.invoke(TransactionInterceptor.java:98)
	at org.springframework.aop.framework.ReflectiveMethodInvocation.proceed(ReflectiveMethodInvocation.java:186)
	at org.springframework.aop.framework.CglibAopProxy$DynamicAdvisedInterceptor.intercept(CglibAopProxy.java:688)
	at com.yulang.test01.service.UserService01$$EnhancerBySpringCGLIB$$b2c2c47.insert(<generated>)
	at com.yulang.controller.UserController.insertUser(UserController.java:17)
	at sun.reflect.NativeMethodAccessorImpl.invoke0(Native Method)
	at sun.reflect.NativeMethodAccessorImpl.invoke(NativeMethodAccessorImpl.java:62)
	at sun.reflect.DelegatingMethodAccessorImpl.invoke(DelegatingMethodAccessorImpl.java:43)
	at java.lang.reflect.Method.invoke(Method.java:498)
	at org.springframework.web.method.support.InvocableHandlerMethod.doInvoke(InvocableHandlerMethod.java:189)
	at org.springframework.web.method.support.InvocableHandlerMethod.invokeForRequest(InvocableHandlerMethod.java:138)
	at org.springframework.web.servlet.mvc.method.annotation.ServletInvocableHandlerMethod.invokeAndHandle(ServletInvocableHandlerMethod.java:102)
	at org.springframework.web.servlet.mvc.method.annotation.RequestMappingHandlerAdapter.invokeHandlerMethod(RequestMappingHandlerAdapter.java:895)
	at org.springframework.web.servlet.mvc.method.annotation.RequestMappingHandlerAdapter.handleInternal(RequestMappingHandlerAdapter.java:800)
	at org.springframework.web.servlet.mvc.method.AbstractHandlerMethodAdapter.handle(AbstractHandlerMethodAdapter.java:87)
	at org.springframework.web.servlet.DispatcherServlet.doDispatch(DispatcherServlet.java:1038)
	at org.springframework.web.servlet.DispatcherServlet.doService(DispatcherServlet.java:942)
	at org.springframework.web.servlet.FrameworkServlet.processRequest(FrameworkServlet.java:1005)
	at org.springframework.web.servlet.FrameworkServlet.doGet(FrameworkServlet.java:897)
	at javax.servlet.http.HttpServlet.service(HttpServlet.java:634)
	at org.springframework.web.servlet.FrameworkServlet.service(FrameworkServlet.java:882)
	at javax.servlet.http.HttpServlet.service(HttpServlet.java:741)
	at org.apache.catalina.core.ApplicationFilterChain.internalDoFilter(ApplicationFilterChain.java:231)
	at org.apache.catalina.core.ApplicationFilterChain.doFilter(ApplicationFilterChain.java:166)
	at org.apache.tomcat.websocket.server.WsFilter.doFilter(WsFilter.java:53)
	at org.apache.catalina.core.ApplicationFilterChain.internalDoFilter(ApplicationFilterChain.java:193)
	at org.apache.catalina.core.ApplicationFilterChain.doFilter(ApplicationFilterChain.java:166)
	at org.springframework.web.filter.RequestContextFilter.doFilterInternal(RequestContextFilter.java:99)
	at org.springframework.web.filter.OncePerRequestFilter.doFilter(OncePerRequestFilter.java:107)
	at org.apache.catalina.core.ApplicationFilterChain.internalDoFilter(ApplicationFilterChain.java:193)
	at org.apache.catalina.core.ApplicationFilterChain.doFilter(ApplicationFilterChain.java:166)
	at org.springframework.web.filter.FormContentFilter.doFilterInternal(FormContentFilter.java:92)
	at org.springframework.web.filter.OncePerRequestFilter.doFilter(OncePerRequestFilter.java:107)
	at org.apache.catalina.core.ApplicationFilterChain.internalDoFilter(ApplicationFilterChain.java:193)
	at org.apache.catalina.core.ApplicationFilterChain.doFilter(ApplicationFilterChain.java:166)
	at org.springframework.web.filter.HiddenHttpMethodFilter.doFilterInternal(HiddenHttpMethodFilter.java:93)
	at org.springframework.web.filter.OncePerRequestFilter.doFilter(OncePerRequestFilter.java:107)
	at org.apache.catalina.core.ApplicationFilterChain.internalDoFilter(ApplicationFilterChain.java:193)
	at org.apache.catalina.core.ApplicationFilterChain.doFilter(ApplicationFilterChain.java:166)
	at org.springframework.web.filter.CharacterEncodingFilter.doFilterInternal(CharacterEncodingFilter.java:200)
	at org.springframework.web.filter.OncePerRequestFilter.doFilter(OncePerRequestFilter.java:107)
	at org.apache.catalina.core.ApplicationFilterChain.internalDoFilter(ApplicationFilterChain.java:193)
	at org.apache.catalina.core.ApplicationFilterChain.doFilter(ApplicationFilterChain.java:166)
	at org.apache.catalina.core.StandardWrapperValve.invoke(StandardWrapperValve.java:199)
	at org.apache.catalina.core.StandardContextValve.invoke(StandardContextValve.java:96)
	at org.apache.catalina.authenticator.AuthenticatorBase.invoke(AuthenticatorBase.java:490)
	at org.apache.catalina.core.StandardHostValve.invoke(StandardHostValve.java:139)
	at org.apache.catalina.valves.ErrorReportValve.invoke(ErrorReportValve.java:92)
	at org.apache.catalina.core.StandardEngineValve.invoke(StandardEngineValve.java:74)
	at org.apache.catalina.connector.CoyoteAdapter.service(CoyoteAdapter.java:343)
	at org.apache.coyote.http11.Http11Processor.service(Http11Processor.java:408)
	at org.apache.coyote.AbstractProcessorLight.process(AbstractProcessorLight.java:66)
	at org.apache.coyote.AbstractProtocol$ConnectionHandler.process(AbstractProtocol.java:791)
	at org.apache.tomcat.util.net.NioEndpoint$SocketProcessor.doRun(NioEndpoint.java:1417)
	at org.apache.tomcat.util.net.SocketProcessorBase.run(SocketProcessorBase.java:49)
	at java.util.concurrent.ThreadPoolExecutor.runWorker(ThreadPoolExecutor.java:1149)
	at java.util.concurrent.ThreadPoolExecutor$Worker.run(ThreadPoolExecutor.java:624)
	at org.apache.tomcat.util.threads.TaskThread$WrappingRunnable.run(TaskThread.java:61)
	at java.lang.Thread.run(Thread.java:748)
Caused by: com.mysql.cj.exceptions.CJCommunicationsException: Communications link failure

The last packet sent successfully to the server was 0 milliseconds ago. The driver has not received any packets from the server.
	at sun.reflect.NativeConstructorAccessorImpl.newInstance0(Native Method)
	at sun.reflect.NativeConstructorAccessorImpl.newInstance(NativeConstructorAccessorImpl.java:62)
	at sun.reflect.DelegatingConstructorAccessorImpl.newInstance(DelegatingConstructorAccessorImpl.java:45)
	at java.lang.reflect.Constructor.newInstance(Constructor.java:423)
	at com.mysql.cj.exceptions.ExceptionFactory.createException(ExceptionFactory.java:61)
	at com.mysql.cj.exceptions.ExceptionFactory.createException(ExceptionFactory.java:105)
	at com.mysql.cj.exceptions.ExceptionFactory.createException(ExceptionFactory.java:151)
	at com.mysql.cj.exceptions.ExceptionFactory.createCommunicationsException(ExceptionFactory.java:167)
	at com.mysql.cj.protocol.a.NativeSocketConnection.connect(NativeSocketConnection.java:91)
	at com.mysql.cj.NativeSession.connect(NativeSession.java:152)
	at com.mysql.cj.jdbc.ConnectionImpl.connectOneTryOnly(ConnectionImpl.java:955)
	at com.mysql.cj.jdbc.ConnectionImpl.createNewIO(ConnectionImpl.java:825)
	... 101 more
Caused by: java.net.ConnectException: Connection refused: connect
	at java.net.DualStackPlainSocketImpl.connect0(Native Method)
	at java.net.DualStackPlainSocketImpl.socketConnect(DualStackPlainSocketImpl.java:79)
	at java.net.AbstractPlainSocketImpl.doConnect(AbstractPlainSocketImpl.java:350)
	at java.net.AbstractPlainSocketImpl.connectToAddress(AbstractPlainSocketImpl.java:206)
	at java.net.AbstractPlainSocketImpl.connect(AbstractPlainSocketImpl.java:188)
	at java.net.PlainSocketImpl.connect(PlainSocketImpl.java:172)
	at java.net.SocksSocketImpl.connect(SocksSocketImpl.java:392)
	at java.net.Socket.connect(Socket.java:589)
	at com.mysql.cj.protocol.StandardSocketFactory.connect(StandardSocketFactory.java:155)
	at com.mysql.cj.protocol.a.NativeSocketConnection.connect(NativeSocketConnection.java:65)
	... 104 more
2018-12-31 12:17:33 下午 [Thread: http-nio-8080-exec-1][ Class:com.atomikos.jdbc.AtomikosSQLException >> Method: com.atomikos.logging.Slf4jLogger.logWarning(Slf4jLogger.java:40) ]
WARN:Failed to grow the connection pool
com.atomikos.datasource.pool.CreateConnectionException: XAConnectionFactory: failed to create pooled connection - DBMS down or unreachable?
	at com.atomikos.jdbc.AtomikosXAConnectionFactory.createPooledConnection(AtomikosXAConnectionFactory.java:48)
	at com.atomikos.datasource.pool.ConnectionPool.createPooledConnection(ConnectionPool.java:98)
	at com.atomikos.datasource.pool.ConnectionPool.growPool(ConnectionPool.java:205)
	at com.atomikos.datasource.pool.ConnectionPool.retrieveFirstAvailableConnectionAndGrowPoolIfNecessary(ConnectionPool.java:155)
	at com.atomikos.datasource.pool.ConnectionPool.findOrWaitForAnAvailableConnection(ConnectionPool.java:141)
	at com.atomikos.datasource.pool.ConnectionPool.borrowConnection(ConnectionPool.java:132)
	at com.atomikos.jdbc.AbstractDataSourceBean.getConnection(AbstractDataSourceBean.java:346)
	at org.springframework.jdbc.datasource.DataSourceUtils.fetchConnection(DataSourceUtils.java:151)
	at org.springframework.jdbc.datasource.DataSourceUtils.doGetConnection(DataSourceUtils.java:115)
	at org.springframework.jdbc.datasource.DataSourceUtils.getConnection(DataSourceUtils.java:78)
	at org.mybatis.spring.transaction.SpringManagedTransaction.openConnection(SpringManagedTransaction.java:84)
	at org.mybatis.spring.transaction.SpringManagedTransaction.getConnection(SpringManagedTransaction.java:70)
	at org.apache.ibatis.executor.BaseExecutor.getConnection(BaseExecutor.java:337)
	at org.apache.ibatis.executor.SimpleExecutor.prepareStatement(SimpleExecutor.java:84)
	at org.apache.ibatis.executor.SimpleExecutor.doUpdate(SimpleExecutor.java:49)
	at org.apache.ibatis.executor.BaseExecutor.update(BaseExecutor.java:117)
	at org.apache.ibatis.executor.CachingExecutor.update(CachingExecutor.java:76)
	at org.apache.ibatis.session.defaults.DefaultSqlSession.update(DefaultSqlSession.java:198)
	at org.apache.ibatis.session.defaults.DefaultSqlSession.insert(DefaultSqlSession.java:185)
	at sun.reflect.NativeMethodAccessorImpl.invoke0(Native Method)
	at sun.reflect.NativeMethodAccessorImpl.invoke(NativeMethodAccessorImpl.java:62)
	at sun.reflect.DelegatingMethodAccessorImpl.invoke(DelegatingMethodAccessorImpl.java:43)
	at java.lang.reflect.Method.invoke(Method.java:498)
	at org.mybatis.spring.SqlSessionTemplate$SqlSessionInterceptor.invoke(SqlSessionTemplate.java:434)
	at com.sun.proxy.$Proxy60.insert(Unknown Source)
	at org.mybatis.spring.SqlSessionTemplate.insert(SqlSessionTemplate.java:279)
	at org.apache.ibatis.binding.MapperMethod.execute(MapperMethod.java:56)
	at org.apache.ibatis.binding.MapperProxy.invoke(MapperProxy.java:53)
	at com.sun.proxy.$Proxy64.insert(Unknown Source)
	at com.yulang.test01.service.UserService01.insert(UserService01.java:18)
	at com.yulang.test01.service.UserService01$$FastClassBySpringCGLIB$$6170892e.invoke(<generated>)
	at org.springframework.cglib.proxy.MethodProxy.invoke(MethodProxy.java:218)
	at org.springframework.aop.framework.CglibAopProxy$CglibMethodInvocation.invokeJoinpoint(CglibAopProxy.java:749)
	at org.springframework.aop.framework.ReflectiveMethodInvocation.proceed(ReflectiveMethodInvocation.java:163)
	at org.springframework.transaction.interceptor.TransactionAspectSupport.invokeWithinTransaction(TransactionAspectSupport.java:294)
	at org.springframework.transaction.interceptor.TransactionInterceptor.invoke(TransactionInterceptor.java:98)
	at org.springframework.aop.framework.ReflectiveMethodInvocation.proceed(ReflectiveMethodInvocation.java:186)
	at org.springframework.aop.framework.CglibAopProxy$DynamicAdvisedInterceptor.intercept(CglibAopProxy.java:688)
	at com.yulang.test01.service.UserService01$$EnhancerBySpringCGLIB$$b2c2c47.insert(<generated>)
	at com.yulang.controller.UserController.insertUser(UserController.java:17)
	at sun.reflect.NativeMethodAccessorImpl.invoke0(Native Method)
	at sun.reflect.NativeMethodAccessorImpl.invoke(NativeMethodAccessorImpl.java:62)
	at sun.reflect.DelegatingMethodAccessorImpl.invoke(DelegatingMethodAccessorImpl.java:43)
	at java.lang.reflect.Method.invoke(Method.java:498)
	at org.springframework.web.method.support.InvocableHandlerMethod.doInvoke(InvocableHandlerMethod.java:189)
	at org.springframework.web.method.support.InvocableHandlerMethod.invokeForRequest(InvocableHandlerMethod.java:138)
	at org.springframework.web.servlet.mvc.method.annotation.ServletInvocableHandlerMethod.invokeAndHandle(ServletInvocableHandlerMethod.java:102)
	at org.springframework.web.servlet.mvc.method.annotation.RequestMappingHandlerAdapter.invokeHandlerMethod(RequestMappingHandlerAdapter.java:895)
	at org.springframework.web.servlet.mvc.method.annotation.RequestMappingHandlerAdapter.handleInternal(RequestMappingHandlerAdapter.java:800)
	at org.springframework.web.servlet.mvc.method.AbstractHandlerMethodAdapter.handle(AbstractHandlerMethodAdapter.java:87)
	at org.springframework.web.servlet.DispatcherServlet.doDispatch(DispatcherServlet.java:1038)
	at org.springframework.web.servlet.DispatcherServlet.doService(DispatcherServlet.java:942)
	at org.springframework.web.servlet.FrameworkServlet.processRequest(FrameworkServlet.java:1005)
	at org.springframework.web.servlet.FrameworkServlet.doGet(FrameworkServlet.java:897)
	at javax.servlet.http.HttpServlet.service(HttpServlet.java:634)
	at org.springframework.web.servlet.FrameworkServlet.service(FrameworkServlet.java:882)
	at javax.servlet.http.HttpServlet.service(HttpServlet.java:741)
	at org.apache.catalina.core.ApplicationFilterChain.internalDoFilter(ApplicationFilterChain.java:231)
	at org.apache.catalina.core.ApplicationFilterChain.doFilter(ApplicationFilterChain.java:166)
	at org.apache.tomcat.websocket.server.WsFilter.doFilter(WsFilter.java:53)
	at org.apache.catalina.core.ApplicationFilterChain.internalDoFilter(ApplicationFilterChain.java:193)
	at org.apache.catalina.core.ApplicationFilterChain.doFilter(ApplicationFilterChain.java:166)
	at org.springframework.web.filter.RequestContextFilter.doFilterInternal(RequestContextFilter.java:99)
	at org.springframework.web.filter.OncePerRequestFilter.doFilter(OncePerRequestFilter.java:107)
	at org.apache.catalina.core.ApplicationFilterChain.internalDoFilter(ApplicationFilterChain.java:193)
	at org.apache.catalina.core.ApplicationFilterChain.doFilter(ApplicationFilterChain.java:166)
	at org.springframework.web.filter.FormContentFilter.doFilterInternal(FormContentFilter.java:92)
	at org.springframework.web.filter.OncePerRequestFilter.doFilter(OncePerRequestFilter.java:107)
	at org.apache.catalina.core.ApplicationFilterChain.internalDoFilter(ApplicationFilterChain.java:193)
	at org.apache.catalina.core.ApplicationFilterChain.doFilter(ApplicationFilterChain.java:166)
	at org.springframework.web.filter.HiddenHttpMethodFilter.doFilterInternal(HiddenHttpMethodFilter.java:93)
	at org.springframework.web.filter.OncePerRequestFilter.doFilter(OncePerRequestFilter.java:107)
	at org.apache.catalina.core.ApplicationFilterChain.internalDoFilter(ApplicationFilterChain.java:193)
	at org.apache.catalina.core.ApplicationFilterChain.doFilter(ApplicationFilterChain.java:166)
	at org.springframework.web.filter.CharacterEncodingFilter.doFilterInternal(CharacterEncodingFilter.java:200)
	at org.springframework.web.filter.OncePerRequestFilter.doFilter(OncePerRequestFilter.java:107)
	at org.apache.catalina.core.ApplicationFilterChain.internalDoFilter(ApplicationFilterChain.java:193)
	at org.apache.catalina.core.ApplicationFilterChain.doFilter(ApplicationFilterChain.java:166)
	at org.apache.catalina.core.StandardWrapperValve.invoke(StandardWrapperValve.java:199)
	at org.apache.catalina.core.StandardContextValve.invoke(StandardContextValve.java:96)
	at org.apache.catalina.authenticator.AuthenticatorBase.invoke(AuthenticatorBase.java:490)
	at org.apache.catalina.core.StandardHostValve.invoke(StandardHostValve.java:139)
	at org.apache.catalina.valves.ErrorReportValve.invoke(ErrorReportValve.java:92)
	at org.apache.catalina.core.StandardEngineValve.invoke(StandardEngineValve.java:74)
	at org.apache.catalina.connector.CoyoteAdapter.service(CoyoteAdapter.java:343)
	at org.apache.coyote.http11.Http11Processor.service(Http11Processor.java:408)
	at org.apache.coyote.AbstractProcessorLight.process(AbstractProcessorLight.java:66)
	at org.apache.coyote.AbstractProtocol$ConnectionHandler.process(AbstractProtocol.java:791)
	at org.apache.tomcat.util.net.NioEndpoint$SocketProcessor.doRun(NioEndpoint.java:1417)
	at org.apache.tomcat.util.net.SocketProcessorBase.run(SocketProcessorBase.java:49)
	at java.util.concurrent.ThreadPoolExecutor.runWorker(ThreadPoolExecutor.java:1149)
	at java.util.concurrent.ThreadPoolExecutor$Worker.run(ThreadPoolExecutor.java:624)
	at org.apache.tomcat.util.threads.TaskThread$WrappingRunnable.run(TaskThread.java:61)
	at java.lang.Thread.run(Thread.java:748)
Caused by: com.mysql.cj.jdbc.exceptions.CommunicationsException: Communications link failure

The last packet sent successfully to the server was 0 milliseconds ago. The driver has not received any packets from the server.
	at com.mysql.cj.jdbc.exceptions.SQLError.createCommunicationsException(SQLError.java:174)
	at com.mysql.cj.jdbc.exceptions.SQLExceptionsMapping.translateException(SQLExceptionsMapping.java:64)
	at com.mysql.cj.jdbc.ConnectionImpl.createNewIO(ConnectionImpl.java:835)
	at com.mysql.cj.jdbc.ConnectionImpl.<init>(ConnectionImpl.java:455)
	at com.mysql.cj.jdbc.ConnectionImpl.getInstance(ConnectionImpl.java:240)
	at com.mysql.cj.jdbc.NonRegisteringDriver.connect(NonRegisteringDriver.java:207)
	at com.mysql.cj.jdbc.MysqlDataSource.getConnection(MysqlDataSource.java:402)
	at com.mysql.cj.jdbc.MysqlDataSource.getConnection(MysqlDataSource.java:125)
	at com.mysql.cj.jdbc.MysqlDataSource.getConnection(MysqlDataSource.java:110)
	at com.mysql.cj.jdbc.MysqlXADataSource.getXAConnection(MysqlXADataSource.java:52)
	at com.atomikos.jdbc.AtomikosXAConnectionFactory.createPooledConnection(AtomikosXAConnectionFactory.java:43)
	... 93 more
Caused by: com.mysql.cj.exceptions.CJCommunicationsException: Communications link failure

The last packet sent successfully to the server was 0 milliseconds ago. The driver has not received any packets from the server.
	at sun.reflect.NativeConstructorAccessorImpl.newInstance0(Native Method)
	at sun.reflect.NativeConstructorAccessorImpl.newInstance(NativeConstructorAccessorImpl.java:62)
	at sun.reflect.DelegatingConstructorAccessorImpl.newInstance(DelegatingConstructorAccessorImpl.java:45)
	at java.lang.reflect.Constructor.newInstance(Constructor.java:423)
	at com.mysql.cj.exceptions.ExceptionFactory.createException(ExceptionFactory.java:61)
	at com.mysql.cj.exceptions.ExceptionFactory.createException(ExceptionFactory.java:105)
	at com.mysql.cj.exceptions.ExceptionFactory.createException(ExceptionFactory.java:151)
	at com.mysql.cj.exceptions.ExceptionFactory.createCommunicationsException(ExceptionFactory.java:167)
	at com.mysql.cj.protocol.a.NativeSocketConnection.connect(NativeSocketConnection.java:91)
	at com.mysql.cj.NativeSession.connect(NativeSession.java:152)
	at com.mysql.cj.jdbc.ConnectionImpl.connectOneTryOnly(ConnectionImpl.java:955)
	at com.mysql.cj.jdbc.ConnectionImpl.createNewIO(ConnectionImpl.java:825)
	... 101 more
Caused by: java.net.ConnectException: Connection refused: connect
	at java.net.DualStackPlainSocketImpl.connect0(Native Method)
	at java.net.DualStackPlainSocketImpl.socketConnect(DualStackPlainSocketImpl.java:79)
	at java.net.AbstractPlainSocketImpl.doConnect(AbstractPlainSocketImpl.java:350)
	at java.net.AbstractPlainSocketImpl.connectToAddress(AbstractPlainSocketImpl.java:206)
	at java.net.AbstractPlainSocketImpl.connect(AbstractPlainSocketImpl.java:188)
	at java.net.PlainSocketImpl.connect(PlainSocketImpl.java:172)
	at java.net.SocksSocketImpl.connect(SocksSocketImpl.java:392)
	at java.net.Socket.connect(Socket.java:589)
	at com.mysql.cj.protocol.StandardSocketFactory.connect(StandardSocketFactory.java:155)
	at com.mysql.cj.protocol.a.NativeSocketConnection.connect(NativeSocketConnection.java:65)
	... 104 more
2018-12-31 12:18:19 下午 [Thread: main][ Class:org.mybatis.spring.mapper.ClassPathMapperScanner >> Method: org.mybatis.spring.mapper.ClassPathMapperScanner.checkCandidate(ClassPathMapperScanner.java:240) ]
WARN:Skipping MapperFactoryBean with name 'userMapper01' and 'com.yulang.test01.mapper.UserMapper01' mapperInterface. Bean already defined with the same name!
2018-12-31 12:18:19 下午 [Thread: main][ Class:org.mybatis.spring.mapper.ClassPathMapperScanner >> Method: org.mybatis.spring.mapper.ClassPathMapperScanner.checkCandidate(ClassPathMapperScanner.java:240) ]
WARN:Skipping MapperFactoryBean with name 'userMapper02' and 'com.yulang.test02.mapper.UserMapper02' mapperInterface. Bean already defined with the same name!
2018-12-31 12:18:19 下午 [Thread: main][ Class:org.mybatis.spring.mapper.ClassPathMapperScanner >> Method: org.mybatis.spring.mapper.ClassPathMapperScanner.doScan(ClassPathMapperScanner.java:167) ]
WARN:No MyBatis mapper was found in '[com.yulang.test01.mapper, com.yulang.test02.mapper]' package. Please check your configuration.
2018-12-31 12:18:21 下午 [Thread: main][ Class:com.atomikos.icatch.provider.imp.AssemblerImp >> Method: com.atomikos.logging.Slf4jLogger.logWarning(Slf4jLogger.java:24) ]
WARN:Thanks for using Atomikos! Evaluate http://www.atomikos.com/Main/ExtremeTransactions for advanced features and professional support
or register at http://www.atomikos.com/Main/RegisterYourDownload to disable this message and receive FREE tips & advice
2018-12-31 12:18:44 下午 [Thread: Atomikos:2][ Class:com.atomikos.icatch.imp.ActiveStateHandler >> Method: com.atomikos.logging.Slf4jLogger.logWarning(Slf4jLogger.java:24) ]
WARN:Transaction 192.168.213.1.tm154622991036200001 has timed out and will rollback.
2018-12-31 12:19:25 下午 [Thread: Thread-12][ Class:com.atomikos.datasource.pool.ConnectionPool >> Method: com.atomikos.logging.Slf4jLogger.logWarning(Slf4jLogger.java:24) ]
WARN:atomikos connection pool 'test01DataSource': connection is still in use on pool destroy: an AtomikosXAPooledConnection with a SessionHandleState with 1 context(s) - please check your shutdown sequence to avoid heuristic termination of ongoing transactions!
2018-12-31 12:19:35 下午 [Thread: main][ Class:org.mybatis.spring.mapper.ClassPathMapperScanner >> Method: org.mybatis.spring.mapper.ClassPathMapperScanner.checkCandidate(ClassPathMapperScanner.java:240) ]
WARN:Skipping MapperFactoryBean with name 'userMapper01' and 'com.yulang.test01.mapper.UserMapper01' mapperInterface. Bean already defined with the same name!
2018-12-31 12:19:35 下午 [Thread: main][ Class:org.mybatis.spring.mapper.ClassPathMapperScanner >> Method: org.mybatis.spring.mapper.ClassPathMapperScanner.checkCandidate(ClassPathMapperScanner.java:240) ]
WARN:Skipping MapperFactoryBean with name 'userMapper02' and 'com.yulang.test02.mapper.UserMapper02' mapperInterface. Bean already defined with the same name!
2018-12-31 12:19:35 下午 [Thread: main][ Class:org.mybatis.spring.mapper.ClassPathMapperScanner >> Method: org.mybatis.spring.mapper.ClassPathMapperScanner.doScan(ClassPathMapperScanner.java:167) ]
WARN:No MyBatis mapper was found in '[com.yulang.test01.mapper, com.yulang.test02.mapper]' package. Please check your configuration.
2018-12-31 12:19:37 下午 [Thread: main][ Class:com.atomikos.icatch.provider.imp.AssemblerImp >> Method: com.atomikos.logging.Slf4jLogger.logWarning(Slf4jLogger.java:24) ]
WARN:Thanks for using Atomikos! Evaluate http://www.atomikos.com/Main/ExtremeTransactions for advanced features and professional support
or register at http://www.atomikos.com/Main/RegisterYourDownload to disable this message and receive FREE tips & advice
2018-12-31 12:19:57 下午 [Thread: Atomikos:2][ Class:com.atomikos.icatch.imp.ActiveStateHandler >> Method: com.atomikos.logging.Slf4jLogger.logWarning(Slf4jLogger.java:24) ]
WARN:Transaction 192.168.213.1.tm154622998778100001 has timed out and will rollback.
2018-12-31 12:21:14 下午 [Thread: main][ Class:org.mybatis.spring.mapper.ClassPathMapperScanner >> Method: org.mybatis.spring.mapper.ClassPathMapperScanner.checkCandidate(ClassPathMapperScanner.java:240) ]
WARN:Skipping MapperFactoryBean with name 'userMapper01' and 'com.yulang.test01.mapper.UserMapper01' mapperInterface. Bean already defined with the same name!
2018-12-31 12:21:14 下午 [Thread: main][ Class:org.mybatis.spring.mapper.ClassPathMapperScanner >> Method: org.mybatis.spring.mapper.ClassPathMapperScanner.checkCandidate(ClassPathMapperScanner.java:240) ]
WARN:Skipping MapperFactoryBean with name 'userMapper02' and 'com.yulang.test02.mapper.UserMapper02' mapperInterface. Bean already defined with the same name!
2018-12-31 12:21:14 下午 [Thread: main][ Class:org.mybatis.spring.mapper.ClassPathMapperScanner >> Method: org.mybatis.spring.mapper.ClassPathMapperScanner.doScan(ClassPathMapperScanner.java:167) ]
WARN:No MyBatis mapper was found in '[com.yulang.test01.mapper, com.yulang.test02.mapper]' package. Please check your configuration.
2018-12-31 12:21:16 下午 [Thread: main][ Class:com.atomikos.icatch.provider.imp.AssemblerImp >> Method: com.atomikos.logging.Slf4jLogger.logWarning(Slf4jLogger.java:24) ]
WARN:Thanks for using Atomikos! Evaluate http://www.atomikos.com/Main/ExtremeTransactions for advanced features and professional support
or register at http://www.atomikos.com/Main/RegisterYourDownload to disable this message and receive FREE tips & advice
2018-12-31 12:21:35 下午 [Thread: Atomikos:2][ Class:com.atomikos.icatch.imp.ActiveStateHandler >> Method: com.atomikos.logging.Slf4jLogger.logWarning(Slf4jLogger.java:24) ]
WARN:Transaction 192.168.213.1.tm154623008522400001 has timed out and will rollback.
2018-12-31 12:24:09 下午 [Thread: Atomikos:5][ Class:com.atomikos.icatch.imp.ActiveStateHandler >> Method: com.atomikos.logging.Slf4jLogger.logWarning(Slf4jLogger.java:24) ]
WARN:Transaction 192.168.213.1.tm154623023932200002 has timed out and will rollback.
2018-12-31 12:26:30 下午 [Thread: main][ Class:org.mybatis.spring.mapper.ClassPathMapperScanner >> Method: org.mybatis.spring.mapper.ClassPathMapperScanner.checkCandidate(ClassPathMapperScanner.java:240) ]
WARN:Skipping MapperFactoryBean with name 'userMapper01' and 'com.yulang.test01.mapper.UserMapper01' mapperInterface. Bean already defined with the same name!
2018-12-31 12:26:30 下午 [Thread: main][ Class:org.mybatis.spring.mapper.ClassPathMapperScanner >> Method: org.mybatis.spring.mapper.ClassPathMapperScanner.checkCandidate(ClassPathMapperScanner.java:240) ]
WARN:Skipping MapperFactoryBean with name 'userMapper02' and 'com.yulang.test02.mapper.UserMapper02' mapperInterface. Bean already defined with the same name!
2018-12-31 12:26:30 下午 [Thread: main][ Class:org.mybatis.spring.mapper.ClassPathMapperScanner >> Method: org.mybatis.spring.mapper.ClassPathMapperScanner.doScan(ClassPathMapperScanner.java:167) ]
WARN:No MyBatis mapper was found in '[com.yulang.test01.mapper, com.yulang.test02.mapper]' package. Please check your configuration.
2018-12-31 12:26:31 下午 [Thread: main][ Class:com.atomikos.icatch.provider.imp.AssemblerImp >> Method: com.atomikos.logging.Slf4jLogger.logWarning(Slf4jLogger.java:24) ]
WARN:Thanks for using Atomikos! Evaluate http://www.atomikos.com/Main/ExtremeTransactions for advanced features and professional support
or register at http://www.atomikos.com/Main/RegisterYourDownload to disable this message and receive FREE tips & advice
2018-12-31 12:30:39 下午 [Thread: main][ Class:org.mybatis.spring.mapper.ClassPathMapperScanner >> Method: org.mybatis.spring.mapper.ClassPathMapperScanner.checkCandidate(ClassPathMapperScanner.java:240) ]
WARN:Skipping MapperFactoryBean with name 'userMapper01' and 'com.yulang.test01.mapper.UserMapper01' mapperInterface. Bean already defined with the same name!
2018-12-31 12:30:39 下午 [Thread: main][ Class:org.mybatis.spring.mapper.ClassPathMapperScanner >> Method: org.mybatis.spring.mapper.ClassPathMapperScanner.checkCandidate(ClassPathMapperScanner.java:240) ]
WARN:Skipping MapperFactoryBean with name 'userMapper02' and 'com.yulang.test02.mapper.UserMapper02' mapperInterface. Bean already defined with the same name!
2018-12-31 12:30:39 下午 [Thread: main][ Class:org.mybatis.spring.mapper.ClassPathMapperScanner >> Method: org.mybatis.spring.mapper.ClassPathMapperScanner.doScan(ClassPathMapperScanner.java:167) ]
WARN:No MyBatis mapper was found in '[com.yulang.test01.mapper, com.yulang.test02.mapper]' package. Please check your configuration.
2018-12-31 12:30:42 下午 [Thread: main][ Class:com.atomikos.icatch.provider.imp.AssemblerImp >> Method: com.atomikos.logging.Slf4jLogger.logWarning(Slf4jLogger.java:24) ]
WARN:Thanks for using Atomikos! Evaluate http://www.atomikos.com/Main/ExtremeTransactions for advanced features and professional support
or register at http://www.atomikos.com/Main/RegisterYourDownload to disable this message and receive FREE tips & advice
2018-12-31 12:32:19 下午 [Thread: main][ Class:org.mybatis.spring.mapper.ClassPathMapperScanner >> Method: org.mybatis.spring.mapper.ClassPathMapperScanner.checkCandidate(ClassPathMapperScanner.java:240) ]
WARN:Skipping MapperFactoryBean with name 'userMapper01' and 'com.yulang.test01.mapper.UserMapper01' mapperInterface. Bean already defined with the same name!
2018-12-31 12:32:19 下午 [Thread: main][ Class:org.mybatis.spring.mapper.ClassPathMapperScanner >> Method: org.mybatis.spring.mapper.ClassPathMapperScanner.checkCandidate(ClassPathMapperScanner.java:240) ]
WARN:Skipping MapperFactoryBean with name 'userMapper02' and 'com.yulang.test02.mapper.UserMapper02' mapperInterface. Bean already defined with the same name!
2018-12-31 12:32:19 下午 [Thread: main][ Class:org.mybatis.spring.mapper.ClassPathMapperScanner >> Method: org.mybatis.spring.mapper.ClassPathMapperScanner.doScan(ClassPathMapperScanner.java:167) ]
WARN:No MyBatis mapper was found in '[com.yulang.test01.mapper, com.yulang.test02.mapper]' package. Please check your configuration.
2018-12-31 12:32:21 下午 [Thread: main][ Class:com.atomikos.icatch.provider.imp.AssemblerImp >> Method: com.atomikos.logging.Slf4jLogger.logWarning(Slf4jLogger.java:24) ]
WARN:Thanks for using Atomikos! Evaluate http://www.atomikos.com/Main/ExtremeTransactions for advanced features and professional support
or register at http://www.atomikos.com/Main/RegisterYourDownload to disable this message and receive FREE tips & advice
2018-12-31 12:33:20 下午 [Thread: main][ Class:org.mybatis.spring.mapper.ClassPathMapperScanner >> Method: org.mybatis.spring.mapper.ClassPathMapperScanner.checkCandidate(ClassPathMapperScanner.java:240) ]
WARN:Skipping MapperFactoryBean with name 'userMapper01' and 'com.yulang.test01.mapper.UserMapper01' mapperInterface. Bean already defined with the same name!
2018-12-31 12:33:20 下午 [Thread: main][ Class:org.mybatis.spring.mapper.ClassPathMapperScanner >> Method: org.mybatis.spring.mapper.ClassPathMapperScanner.checkCandidate(ClassPathMapperScanner.java:240) ]
WARN:Skipping MapperFactoryBean with name 'userMapper02' and 'com.yulang.test02.mapper.UserMapper02' mapperInterface. Bean already defined with the same name!
2018-12-31 12:33:20 下午 [Thread: main][ Class:org.mybatis.spring.mapper.ClassPathMapperScanner >> Method: org.mybatis.spring.mapper.ClassPathMapperScanner.doScan(ClassPathMapperScanner.java:167) ]
WARN:No MyBatis mapper was found in '[com.yulang.test01.mapper, com.yulang.test02.mapper]' package. Please check your configuration.
2018-12-31 12:33:22 下午 [Thread: main][ Class:com.atomikos.icatch.provider.imp.AssemblerImp >> Method: com.atomikos.logging.Slf4jLogger.logWarning(Slf4jLogger.java:24) ]
WARN:Thanks for using Atomikos! Evaluate http://www.atomikos.com/Main/ExtremeTransactions for advanced features and professional support
or register at http://www.atomikos.com/Main/RegisterYourDownload to disable this message and receive FREE tips & advice
